2018-03-18 11:15:47.074  INFO jarek-Latitude-3550 --- [           main] c.e.d.DemoSpring2Application             : Starting DemoSpring2Application on jarek-Latitude-3550 with PID 9655 (/home/jarek/Dokumenty/spring-boot/demo-spring2/target/classes started by jarek in /home/jarek/Dokumenty/spring-boot/demo-spring2)
2018-03-18 11:15:47.080  INFO jarek-Latitude-3550 --- [           main] c.e.d.DemoSpring2Application             : No active profile set, falling back to default profiles: default
2018-03-18 11:15:47.225  INFO jarek-Latitude-3550 --- [           main] ConfigServletWebServerApplicationContext : Refreshing org.springframework.boot.web.servlet.context.AnnotationConfigServletWebServerApplicationContext@7e27e805: startup date [Sun Mar 18 11:15:47 CET 2018]; root of context hierarchy
2018-03-18 11:15:49.151  INFO jarek-Latitude-3550 --- [           main] trationDelegate$BeanPostProcessorChecker : Bean 'org.springframework.transaction.annotation.ProxyTransactionManagementConfiguration' of type [org.springframework.transaction.annotation.ProxyTransactionManagementConfiguration$$EnhancerBySpringCGLIB$$bcc2c2b6] is not eligible for getting processed by all BeanPostProcessors (for example: not eligible for auto-proxying)
2018-03-18 11:15:49.542  INFO jarek-Latitude-3550 --- [           main] o.s.b.w.e.t.TomcatWebServer              : Tomcat initialized with port(s): 8080 (http)
2018-03-18 11:15:49.560  INFO jarek-Latitude-3550 --- [           main] o.a.c.h.Http11NioProtocol                : Initializing ProtocolHandler ["http-nio-8080"]
2018-03-18 11:15:49.572  INFO jarek-Latitude-3550 --- [           main] o.a.c.c.StandardService                  : Starting service [Tomcat]
2018-03-18 11:15:49.573  INFO jarek-Latitude-3550 --- [           main] o.a.c.c.StandardEngine                   : Starting Servlet Engine: Apache Tomcat/8.5.28
2018-03-18 11:15:49.589  INFO jarek-Latitude-3550 --- [ost-startStop-1] o.a.c.c.AprLifecycleListener             : The APR based Apache Tomcat Native library which allows optimal performance in production environments was not found on the java.library.path: [/usr/java/packages/lib/amd64:/usr/lib64:/lib64:/lib:/usr/lib]
2018-03-18 11:15:49.681  INFO jarek-Latitude-3550 --- [ost-startStop-1] o.a.c.c.C.[.[.[/]                        : Initializing Spring embedded WebApplicationContext
2018-03-18 11:15:49.681  INFO jarek-Latitude-3550 --- [ost-startStop-1] o.s.w.c.ContextLoader                    : Root WebApplicationContext: initialization completed in 2461 ms
2018-03-18 11:15:50.662  INFO jarek-Latitude-3550 --- [ost-startStop-1] o.s.b.w.s.ServletRegistrationBean        : Servlet dispatcherServlet mapped to [/]
2018-03-18 11:15:50.664  INFO jarek-Latitude-3550 --- [ost-startStop-1] o.s.b.w.s.ServletRegistrationBean        : Servlet webServlet mapped to [/h2-console/*]
2018-03-18 11:15:50.667  INFO jarek-Latitude-3550 --- [ost-startStop-1] o.s.b.w.s.FilterRegistrationBean         : Mapping filter: 'characterEncodingFilter' to: [/*]
2018-03-18 11:15:50.670  INFO jarek-Latitude-3550 --- [ost-startStop-1] o.s.b.w.s.FilterRegistrationBean         : Mapping filter: 'hiddenHttpMethodFilter' to: [/*]
2018-03-18 11:15:50.670  INFO jarek-Latitude-3550 --- [ost-startStop-1] o.s.b.w.s.FilterRegistrationBean         : Mapping filter: 'httpPutFormContentFilter' to: [/*]
2018-03-18 11:15:50.670  INFO jarek-Latitude-3550 --- [ost-startStop-1] o.s.b.w.s.FilterRegistrationBean         : Mapping filter: 'requestContextFilter' to: [/*]
2018-03-18 11:15:50.672  INFO jarek-Latitude-3550 --- [ost-startStop-1] o.s.b.w.s.FilterRegistrationBean         : Mapping filter: 'httpTraceFilter' to: [/*]
2018-03-18 11:15:50.676  INFO jarek-Latitude-3550 --- [ost-startStop-1] o.s.b.w.s.FilterRegistrationBean         : Mapping filter: 'webMvcMetricsFilter' to: [/*]
2018-03-18 11:15:50.794  INFO jarek-Latitude-3550 --- [           main] o.f.c.i.u.VersionPrinter                 : Flyway Community Edition 5.0.7 by Boxfuse
2018-03-18 11:15:50.802  INFO jarek-Latitude-3550 --- [           main] c.z.h.HikariDataSource                   : HikariPool-1 - Starting...
2018-03-18 11:15:51.269  INFO jarek-Latitude-3550 --- [           main] c.z.h.HikariDataSource                   : HikariPool-1 - Start completed.
2018-03-18 11:15:51.277  INFO jarek-Latitude-3550 --- [           main] o.f.c.i.d.DatabaseFactory                : Database: jdbc:h2:mem:testdb (H2 1.4)
2018-03-18 11:15:51.367  INFO jarek-Latitude-3550 --- [           main] o.f.c.i.c.DbValidate                     : Successfully validated 1 migration (execution time 00:00.016s)
2018-03-18 11:15:51.388  INFO jarek-Latitude-3550 --- [           main] o.f.c.i.s.JdbcTableSchemaHistory         : Creating Schema History table: "PUBLIC"."flyway_schema_history"
2018-03-18 11:15:51.413  INFO jarek-Latitude-3550 --- [           main] o.f.c.i.c.DbMigrate                      : Current version of schema "PUBLIC": << Empty Schema >>
2018-03-18 11:15:51.416  INFO jarek-Latitude-3550 --- [           main] o.f.c.i.c.DbMigrate                      : Migrating schema "PUBLIC" to version 1 - init
2018-03-18 11:15:51.436  INFO jarek-Latitude-3550 --- [           main] o.f.c.i.c.DbMigrate                      : Successfully applied 1 migration to schema "PUBLIC" (execution time 00:00.050s)
2018-03-18 11:15:51.610  INFO jarek-Latitude-3550 --- [           main] j.LocalContainerEntityManagerFactoryBean : Building JPA container EntityManagerFactory for persistence unit 'default'
2018-03-18 11:15:51.636  INFO jarek-Latitude-3550 --- [           main] o.h.j.i.u.LogHelper                      : HHH000204: Processing PersistenceUnitInfo [
	name: default
	...]
2018-03-18 11:15:51.733  INFO jarek-Latitude-3550 --- [           main] o.h.Version                              : HHH000412: Hibernate Core {5.2.14.Final}
2018-03-18 11:15:51.735  INFO jarek-Latitude-3550 --- [           main] o.h.c.Environment                        : HHH000206: hibernate.properties not found
2018-03-18 11:15:51.786  INFO jarek-Latitude-3550 --- [           main] o.h.a.c.Version                          : HCANN000001: Hibernate Commons Annotations {5.0.1.Final}
2018-03-18 11:15:51.942  INFO jarek-Latitude-3550 --- [           main] o.h.d.Dialect                            : HHH000400: Using dialect: org.hibernate.dialect.H2Dialect
2018-03-18 11:15:52.461  INFO jarek-Latitude-3550 --- [           main] j.LocalContainerEntityManagerFactoryBean : Initialized JPA EntityManagerFactory for persistence unit 'default'
2018-03-18 11:15:52.987  INFO jarek-Latitude-3550 --- [           main] s.w.s.m.m.a.RequestMappingHandlerAdapter : Looking for @ControllerAdvice: org.springframework.boot.web.servlet.context.AnnotationConfigServletWebServerApplicationContext@7e27e805: startup date [Sun Mar 18 11:15:47 CET 2018]; root of context hierarchy
2018-03-18 11:15:53.104  INFO jarek-Latitude-3550 --- [           main] s.w.s.m.m.a.RequestMappingHandlerMapping : Mapped "{[/]}" onto java.lang.String com.example.demospring2.controller.MyExample.home()
2018-03-18 11:15:53.111  INFO jarek-Latitude-3550 --- [           main] s.w.s.m.m.a.RequestMappingHandlerMapping : Mapped "{[/error],produces=[text/html]}" onto public org.springframework.web.servlet.ModelAndView org.springframework.boot.autoconfigure.web.servlet.error.BasicErrorController.errorHtml(javax.servlet.http.HttpServletRequest,javax.servlet.http.HttpServletResponse)
2018-03-18 11:15:53.113  INFO jarek-Latitude-3550 --- [           main] s.w.s.m.m.a.RequestMappingHandlerMapping : Mapped "{[/error]}" onto public org.springframework.http.ResponseEntity<java.util.Map<java.lang.String, java.lang.Object>> org.springframework.boot.autoconfigure.web.servlet.error.BasicErrorController.error(javax.servlet.http.HttpServletRequest)
2018-03-18 11:15:53.178  INFO jarek-Latitude-3550 --- [           main] o.s.w.s.h.SimpleUrlHandlerMapping        : Mapped URL path [/webjars/**] onto handler of type [class org.springframework.web.servlet.resource.ResourceHttpRequestHandler]
2018-03-18 11:15:53.178  INFO jarek-Latitude-3550 --- [           main] o.s.w.s.h.SimpleUrlHandlerMapping        : Mapped URL path [/**] onto handler of type [class org.springframework.web.servlet.resource.ResourceHttpRequestHandler]
2018-03-18 11:15:53.248  INFO jarek-Latitude-3550 --- [           main] o.s.w.s.h.SimpleUrlHandlerMapping        : Mapped URL path [/**/favicon.ico] onto handler of type [class org.springframework.web.servlet.resource.ResourceHttpRequestHandler]
2018-03-18 11:15:53.793  INFO jarek-Latitude-3550 --- [           main] s.b.a.e.w.s.WebMvcEndpointHandlerMapping : Mapped "{[/actuator/health],methods=[GET],produces=[application/vnd.spring-boot.actuator.v2+json || application/json]}" onto public java.lang.Object org.springframework.boot.actuate.endpoint.web.servlet.AbstractWebMvcEndpointHandlerMapping$OperationHandler.handle(javax.servlet.http.HttpServletRequest,java.util.Map<java.lang.String, java.lang.String>)
2018-03-18 11:15:53.794  INFO jarek-Latitude-3550 --- [           main] s.b.a.e.w.s.WebMvcEndpointHandlerMapping : Mapped "{[/actuator/info],methods=[GET],produces=[application/vnd.spring-boot.actuator.v2+json || application/json]}" onto public java.lang.Object org.springframework.boot.actuate.endpoint.web.servlet.AbstractWebMvcEndpointHandlerMapping$OperationHandler.handle(javax.servlet.http.HttpServletRequest,java.util.Map<java.lang.String, java.lang.String>)
2018-03-18 11:15:53.795  INFO jarek-Latitude-3550 --- [           main] s.b.a.e.w.s.WebMvcEndpointHandlerMapping : Mapped "{[/actuator],methods=[GET],produces=[application/vnd.spring-boot.actuator.v2+json || application/json]}" onto protected java.util.Map<java.lang.String, java.util.Map<java.lang.String, org.springframework.boot.actuate.endpoint.web.Link>> org.springframework.boot.actuate.endpoint.web.servlet.WebMvcEndpointHandlerMapping.links(javax.servlet.http.HttpServletRequest,javax.servlet.http.HttpServletResponse)
2018-03-18 11:15:53.906  INFO jarek-Latitude-3550 --- [           main] o.s.j.e.a.AnnotationMBeanExporter        : Registering beans for JMX exposure on startup
2018-03-18 11:15:53.907  INFO jarek-Latitude-3550 --- [           main] o.s.j.e.a.AnnotationMBeanExporter        : Bean with name 'dataSource' has been autodetected for JMX exposure
2018-03-18 11:15:53.915  INFO jarek-Latitude-3550 --- [           main] o.s.j.e.a.AnnotationMBeanExporter        : Located MBean 'dataSource': registering with JMX server as MBean [com.zaxxer.hikari:name=dataSource,type=HikariDataSource]
2018-03-18 11:15:53.933  INFO jarek-Latitude-3550 --- [           main] o.a.c.h.Http11NioProtocol                : Starting ProtocolHandler ["http-nio-8080"]
2018-03-18 11:15:53.940  INFO jarek-Latitude-3550 --- [           main] o.a.t.u.n.NioSelectorPool                : Using a shared selector for servlet write/read
2018-03-18 11:15:53.987  INFO jarek-Latitude-3550 --- [           main] o.s.b.w.e.t.TomcatWebServer              : Tomcat started on port(s): 8080 (http) with context path ''
2018-03-18 11:15:53.992  INFO jarek-Latitude-3550 --- [           main] c.e.d.DemoSpring2Application             : Started DemoSpring2Application in 7.706 seconds (JVM running for 12.806)
2018-03-18 11:16:29.977  INFO jarek-Latitude-3550 --- [nio-8080-exec-1] o.a.c.c.C.[.[.[/]                        : Initializing Spring FrameworkServlet 'dispatcherServlet'
2018-03-18 11:16:29.977  INFO jarek-Latitude-3550 --- [nio-8080-exec-1] o.s.w.s.DispatcherServlet                : FrameworkServlet 'dispatcherServlet': initialization started
2018-03-18 11:16:29.998  INFO jarek-Latitude-3550 --- [nio-8080-exec-1] o.s.w.s.DispatcherServlet                : FrameworkServlet 'dispatcherServlet': initialization completed in 20 ms
2018-03-18 11:16:30.166  INFO jarek-Latitude-3550 --- [nio-8080-exec-1] c.e.d.c.MyExample                        : Info log
2018-03-18 11:17:40.478  INFO jarek-Latitude-3550 --- [nio-8080-exec-3] c.e.d.c.MyExample                        : Info log
2018-03-18 11:17:48.191  INFO jarek-Latitude-3550 --- [nio-8080-exec-4] c.e.d.c.MyExample                        : Info log
2018-03-18 11:17:49.844  INFO jarek-Latitude-3550 --- [nio-8080-exec-6] c.e.d.c.MyExample                        : Info log
2018-03-18 11:17:51.498  INFO jarek-Latitude-3550 --- [nio-8080-exec-3] c.e.d.c.MyExample                        : Info log
2018-03-18 11:17:59.982  INFO jarek-Latitude-3550 --- [nio-8080-exec-4] c.e.d.c.MyExample                        : Info log
2018-03-18 11:29:35.481  INFO jarek-Latitude-3550 --- [nio-8080-exec-8] c.e.d.c.MyExample                        : Info log
2018-03-18 11:29:52.369  INFO jarek-Latitude-3550 --- [io-8080-exec-10] c.e.d.c.MyExample                        : Info log
2018-03-18 11:29:54.071  INFO jarek-Latitude-3550 --- [nio-8080-exec-1] c.e.d.c.MyExample                        : Info log
2018-03-18 11:29:58.139  INFO jarek-Latitude-3550 --- [nio-8080-exec-4] c.e.d.c.MyExample                        : Info log
2018-03-18 11:30:03.638  INFO jarek-Latitude-3550 --- [nio-8080-exec-6] c.e.d.c.MyExample                        : Info log
2018-03-18 11:30:07.768  INFO jarek-Latitude-3550 --- [nio-8080-exec-7] c.e.d.c.MyExample                        : Info log
2018-03-18 11:30:08.470  INFO jarek-Latitude-3550 --- [nio-8080-exec-2] c.e.d.c.MyExample                        : Info log
2018-03-18 11:30:08.738  INFO jarek-Latitude-3550 --- [nio-8080-exec-9] c.e.d.c.MyExample                        : Info log
2018-03-18 11:30:09.091  INFO jarek-Latitude-3550 --- [nio-8080-exec-3] c.e.d.c.MyExample                        : Info log
2018-03-18 11:30:43.458  INFO jarek-Latitude-3550 --- [nio-8080-exec-5] c.e.d.c.MyExample                        : Info log
2018-03-18 11:31:01.276  INFO jarek-Latitude-3550 --- [nio-8080-exec-7] c.e.d.c.MyExample                        : Info log
2018-03-18 11:31:02.234  INFO jarek-Latitude-3550 --- [nio-8080-exec-8] c.e.d.c.MyExample                        : Info log
2018-03-18 11:32:56.397  INFO jarek-Latitude-3550 --- [nio-8080-exec-1] c.e.d.c.MyExample                        : Info log
2018-03-18 11:32:57.432  INFO jarek-Latitude-3550 --- [nio-8080-exec-4] c.e.d.c.MyExample                        : Info log
2018-03-18 11:32:59.166  INFO jarek-Latitude-3550 --- [nio-8080-exec-6] c.e.d.c.MyExample                        : Info log
2018-03-18 11:33:04.890  INFO jarek-Latitude-3550 --- [nio-8080-exec-7] c.e.d.c.MyExample                        : Info log
2018-03-18 11:35:36.995  INFO jarek-Latitude-3550 --- [io-8080-exec-10] c.e.d.c.MyExample                        : Info log
2018-03-18 11:35:37.757  INFO jarek-Latitude-3550 --- [nio-8080-exec-1] c.e.d.c.MyExample                        : Info log
2018-03-18 11:35:37.996  INFO jarek-Latitude-3550 --- [nio-8080-exec-4] c.e.d.c.MyExample                        : Info log
2018-03-18 11:35:43.117  INFO jarek-Latitude-3550 --- [nio-8080-exec-6] c.e.d.c.MyExample                        : Info log
2018-03-18 11:37:05.398  INFO jarek-Latitude-3550 --- [nio-8080-exec-8] c.e.d.c.MyExample                        : Info log
2018-03-18 11:37:06.115  INFO jarek-Latitude-3550 --- [io-8080-exec-10] c.e.d.c.MyExample                        : Info log
2018-03-18 11:37:06.377  INFO jarek-Latitude-3550 --- [nio-8080-exec-1] c.e.d.c.MyExample                        : Info log
2018-03-18 11:37:11.708  INFO jarek-Latitude-3550 --- [nio-8080-exec-4] c.e.d.c.MyExample                        : Info log
2018-03-18 11:38:10.143  INFO jarek-Latitude-3550 --- [nio-8080-exec-6] c.e.d.c.MyExample                        : Info log
2018-03-18 11:38:32.065  INFO jarek-Latitude-3550 --- [nio-8080-exec-8] c.e.d.c.MyExample                        : Info log
2018-03-18 11:48:33.697  INFO jarek-Latitude-3550 --- [nio-8080-exec-9] c.e.d.c.MyExample                        : Info log
2018-03-18 11:48:34.583  INFO jarek-Latitude-3550 --- [nio-8080-exec-3] c.e.d.c.MyExample                        : Info log
2018-03-18 11:48:48.555  INFO jarek-Latitude-3550 --- [nio-8080-exec-6] c.e.d.c.MyExample                        : Info log
2018-03-18 11:52:13.737  INFO jarek-Latitude-3550 --- [nio-8080-exec-2] c.e.d.c.MyExample                        : Info log
2018-03-18 11:52:15.605  INFO jarek-Latitude-3550 --- [nio-8080-exec-9] c.e.d.c.MyExample                        : Info log
2018-03-18 11:52:21.927  INFO jarek-Latitude-3550 --- [nio-8080-exec-1] c.e.d.c.MyExample                        : Info log
2018-03-18 12:12:50.155  INFO jarek-Latitude-3550 --- [nio-8080-exec-4] c.e.d.c.MyExample                        : Info log
2018-03-18 12:12:53.153  INFO jarek-Latitude-3550 --- [nio-8080-exec-6] c.e.d.c.MyExample                        : Info log
2018-03-18 12:13:06.248  INFO jarek-Latitude-3550 --- [nio-8080-exec-7] c.e.d.c.MyExample                        : Info log
2018-03-18 12:13:20.411  INFO jarek-Latitude-3550 --- [nio-8080-exec-8] c.e.d.c.MyExample                        : Info log
2018-03-18 12:13:27.792  INFO jarek-Latitude-3550 --- [io-8080-exec-10] c.e.d.c.MyExample                        : Info log
2018-03-18 12:13:28.843  INFO jarek-Latitude-3550 --- [nio-8080-exec-1] c.e.d.c.MyExample                        : Info log
2018-03-18 12:13:51.540  INFO jarek-Latitude-3550 --- [nio-8080-exec-4] c.e.d.c.MyExample                        : Info log
