2018-03-20 19:00:14.032  INFO jarek-Latitude-3550 --- [           main] c.e.d.DemoSpring2Application             : Starting DemoSpring2Application on jarek-Latitude-3550 with PID 6671 (/home/jarek/Dokumenty/spring-boot/demo-spring2/target/classes started by jarek in /home/jarek/Dokumenty/spring-boot/demo-spring2)
2018-03-20 19:00:14.046  INFO jarek-Latitude-3550 --- [           main] c.e.d.DemoSpring2Application             : No active profile set, falling back to default profiles: default
2018-03-20 19:00:14.146  INFO jarek-Latitude-3550 --- [           main] ConfigServletWebServerApplicationContext : Refreshing org.springframework.boot.web.servlet.context.AnnotationConfigServletWebServerApplicationContext@5b970f7: startup date [Tue Mar 20 19:00:14 CET 2018]; root of context hierarchy
2018-03-20 19:00:16.249  INFO jarek-Latitude-3550 --- [           main] trationDelegate$BeanPostProcessorChecker : Bean 'org.springframework.transaction.annotation.ProxyTransactionManagementConfiguration' of type [org.springframework.transaction.annotation.ProxyTransactionManagementConfiguration$$EnhancerBySpringCGLIB$$e0add72e] is not eligible for getting processed by all BeanPostProcessors (for example: not eligible for auto-proxying)
2018-03-20 19:00:16.764  INFO jarek-Latitude-3550 --- [           main] o.s.b.w.e.t.TomcatWebServer              : Tomcat initialized with port(s): 8080 (http)
2018-03-20 19:00:16.792  INFO jarek-Latitude-3550 --- [           main] o.a.c.h.Http11NioProtocol                : Initializing ProtocolHandler ["http-nio-8080"]
2018-03-20 19:00:16.806  INFO jarek-Latitude-3550 --- [           main] o.a.c.c.StandardService                  : Starting service [Tomcat]
2018-03-20 19:00:16.807  INFO jarek-Latitude-3550 --- [           main] o.a.c.c.StandardEngine                   : Starting Servlet Engine: Apache Tomcat/8.5.28
2018-03-20 19:00:16.817  INFO jarek-Latitude-3550 --- [ost-startStop-1] o.a.c.c.AprLifecycleListener             : The APR based Apache Tomcat Native library which allows optimal performance in production environments was not found on the java.library.path: [/usr/java/packages/lib:/usr/lib64:/lib64:/lib:/usr/lib]
2018-03-20 19:00:16.963  INFO jarek-Latitude-3550 --- [ost-startStop-1] o.a.c.c.C.[.[.[/]                        : Initializing Spring embedded WebApplicationContext
2018-03-20 19:00:16.964  INFO jarek-Latitude-3550 --- [ost-startStop-1] o.s.w.c.ContextLoader                    : Root WebApplicationContext: initialization completed in 2826 ms
2018-03-20 19:00:18.025  INFO jarek-Latitude-3550 --- [ost-startStop-1] o.s.b.w.s.ServletRegistrationBean        : Servlet dispatcherServlet mapped to [/]
2018-03-20 19:00:18.029  INFO jarek-Latitude-3550 --- [ost-startStop-1] o.s.b.w.s.ServletRegistrationBean        : Servlet webServlet mapped to [/h2-console/*]
2018-03-20 19:00:18.033  INFO jarek-Latitude-3550 --- [ost-startStop-1] o.s.b.w.s.FilterRegistrationBean         : Mapping filter: 'characterEncodingFilter' to: [/*]
2018-03-20 19:00:18.033  INFO jarek-Latitude-3550 --- [ost-startStop-1] o.s.b.w.s.FilterRegistrationBean         : Mapping filter: 'hiddenHttpMethodFilter' to: [/*]
2018-03-20 19:00:18.033  INFO jarek-Latitude-3550 --- [ost-startStop-1] o.s.b.w.s.FilterRegistrationBean         : Mapping filter: 'httpPutFormContentFilter' to: [/*]
2018-03-20 19:00:18.033  INFO jarek-Latitude-3550 --- [ost-startStop-1] o.s.b.w.s.FilterRegistrationBean         : Mapping filter: 'requestContextFilter' to: [/*]
2018-03-20 19:00:18.034  INFO jarek-Latitude-3550 --- [ost-startStop-1] o.s.b.w.s.FilterRegistrationBean         : Mapping filter: 'httpTraceFilter' to: [/*]
2018-03-20 19:00:18.034  INFO jarek-Latitude-3550 --- [ost-startStop-1] o.s.b.w.s.FilterRegistrationBean         : Mapping filter: 'webMvcMetricsFilter' to: [/*]
2018-03-20 19:00:18.149  INFO jarek-Latitude-3550 --- [           main] o.f.c.i.u.VersionPrinter                 : Flyway Community Edition 5.0.7 by Boxfuse
2018-03-20 19:00:18.160  INFO jarek-Latitude-3550 --- [           main] c.z.h.HikariDataSource                   : HikariPool-1 - Starting...
2018-03-20 19:00:18.464  INFO jarek-Latitude-3550 --- [           main] c.z.h.HikariDataSource                   : HikariPool-1 - Start completed.
2018-03-20 19:00:18.472  INFO jarek-Latitude-3550 --- [           main] o.f.c.i.d.DatabaseFactory                : Database: jdbc:h2:mem:testdb (H2 1.4)
2018-03-20 19:00:18.579  INFO jarek-Latitude-3550 --- [           main] o.f.c.i.c.DbValidate                     : Successfully validated 1 migration (execution time 00:00.023s)
2018-03-20 19:00:18.592  INFO jarek-Latitude-3550 --- [           main] o.f.c.i.s.JdbcTableSchemaHistory         : Creating Schema History table: "PUBLIC"."flyway_schema_history"
2018-03-20 19:00:18.626  INFO jarek-Latitude-3550 --- [           main] o.f.c.i.c.DbMigrate                      : Current version of schema "PUBLIC": << Empty Schema >>
2018-03-20 19:00:18.631  INFO jarek-Latitude-3550 --- [           main] o.f.c.i.c.DbMigrate                      : Migrating schema "PUBLIC" to version 1 - init
2018-03-20 19:00:18.658  INFO jarek-Latitude-3550 --- [           main] o.f.c.i.c.DbMigrate                      : Successfully applied 1 migration to schema "PUBLIC" (execution time 00:00.067s)
2018-03-20 19:00:18.895  INFO jarek-Latitude-3550 --- [           main] j.LocalContainerEntityManagerFactoryBean : Building JPA container EntityManagerFactory for persistence unit 'default'
2018-03-20 19:00:18.932  INFO jarek-Latitude-3550 --- [           main] o.h.j.i.u.LogHelper                      : HHH000204: Processing PersistenceUnitInfo [
	name: default
	...]
2018-03-20 19:00:19.071  INFO jarek-Latitude-3550 --- [           main] o.h.Version                              : HHH000412: Hibernate Core {5.2.14.Final}
2018-03-20 19:00:19.075  INFO jarek-Latitude-3550 --- [           main] o.h.c.Environment                        : HHH000206: hibernate.properties not found
2018-03-20 19:00:19.098  WARN jarek-Latitude-3550 --- [           main] ConfigServletWebServerApplicationContext : Exception encountered during context initialization - cancelling refresh attempt: org.springframework.beans.factory.BeanCreationException: Error creating bean with name 'entityManagerFactory' defined in class path resource [org/springframework/boot/autoconfigure/orm/jpa/HibernateJpaConfiguration.class]: Invocation of init method failed; nested exception is java.lang.NoClassDefFoundError: javax/xml/bind/JAXBException
2018-03-20 19:00:19.100  INFO jarek-Latitude-3550 --- [           main] c.z.h.HikariDataSource                   : HikariPool-1 - Shutdown initiated...
2018-03-20 19:00:19.114  INFO jarek-Latitude-3550 --- [           main] c.z.h.HikariDataSource                   : HikariPool-1 - Shutdown completed.
2018-03-20 19:00:19.126  INFO jarek-Latitude-3550 --- [           main] o.a.c.c.StandardService                  : Stopping service [Tomcat]
2018-03-20 19:00:19.172  INFO jarek-Latitude-3550 --- [           main] ConditionEvaluationReportLoggingListener : 

Error starting ApplicationContext. To display the conditions report re-run your application with 'debug' enabled.
2018-03-20 19:00:19.174 ERROR jarek-Latitude-3550 --- [           main] o.s.b.SpringApplication                  : Application run failed
org.springframework.beans.factory.BeanCreationException: Error creating bean with name 'entityManagerFactory' defined in class path resource [org/springframework/boot/autoconfigure/orm/jpa/HibernateJpaConfiguration.class]: Invocation of init method failed; nested exception is java.lang.NoClassDefFoundError: javax/xml/bind/JAXBException
	at org.springframework.beans.factory.support.AbstractAutowireCapableBeanFactory.initializeBean(AbstractAutowireCapableBeanFactory.java:1710)
	at org.springframework.beans.factory.support.AbstractAutowireCapableBeanFactory.doCreateBean(AbstractAutowireCapableBeanFactory.java:583)
	at org.springframework.beans.factory.support.AbstractAutowireCapableBeanFactory.createBean(AbstractAutowireCapableBeanFactory.java:502)
	at org.springframework.beans.factory.support.AbstractBeanFactory.lambda$doGetBean$0(AbstractBeanFactory.java:312)
	at org.springframework.beans.factory.support.DefaultSingletonBeanRegistry.getSingleton(DefaultSingletonBeanRegistry.java:228)
	at org.springframework.beans.factory.support.AbstractBeanFactory.doGetBean(AbstractBeanFactory.java:310)
	at org.springframework.beans.factory.support.AbstractBeanFactory.getBean(AbstractBeanFactory.java:200)
	at org.springframework.context.support.AbstractApplicationContext.getBean(AbstractApplicationContext.java:1085)
	at org.springframework.context.support.AbstractApplicationContext.finishBeanFactoryInitialization(AbstractApplicationContext.java:858)
	at org.springframework.context.support.AbstractApplicationContext.refresh(AbstractApplicationContext.java:549)
	at org.springframework.boot.web.servlet.context.ServletWebServerApplicationContext.refresh(ServletWebServerApplicationContext.java:140)
	at org.springframework.boot.SpringApplication.refresh(SpringApplication.java:752)
	at org.springframework.boot.SpringApplication.refreshContext(SpringApplication.java:388)
	at org.springframework.boot.SpringApplication.run(SpringApplication.java:327)
	at org.springframework.boot.SpringApplication.run(SpringApplication.java:1246)
	at org.springframework.boot.SpringApplication.run(SpringApplication.java:1234)
	at com.example.demospring2.DemoSpring2Application.main(DemoSpring2Application.java:16)
Caused by: java.lang.NoClassDefFoundError: javax/xml/bind/JAXBException
	at org.hibernate.boot.spi.XmlMappingBinderAccess.<init>(XmlMappingBinderAccess.java:43)
	at org.hibernate.boot.MetadataSources.<init>(MetadataSources.java:87)
	at org.hibernate.jpa.boot.internal.EntityManagerFactoryBuilderImpl.<init>(EntityManagerFactoryBuilderImpl.java:209)
	at org.hibernate.jpa.boot.internal.EntityManagerFactoryBuilderImpl.<init>(EntityManagerFactoryBuilderImpl.java:164)
	at org.springframework.orm.jpa.vendor.SpringHibernateJpaPersistenceProvider.createContainerEntityManagerFactory(SpringHibernateJpaPersistenceProvider.java:51)
	at org.springframework.orm.jpa.LocalContainerEntityManagerFactoryBean.createNativeEntityManagerFactory(LocalContainerEntityManagerFactoryBean.java:365)
	at org.springframework.orm.jpa.AbstractEntityManagerFactoryBean.buildNativeEntityManagerFactory(AbstractEntityManagerFactoryBean.java:388)
	at org.springframework.orm.jpa.AbstractEntityManagerFactoryBean.afterPropertiesSet(AbstractEntityManagerFactoryBean.java:377)
	at org.springframework.orm.jpa.LocalContainerEntityManagerFactoryBean.afterPropertiesSet(LocalContainerEntityManagerFactoryBean.java:341)
	at org.springframework.beans.factory.support.AbstractAutowireCapableBeanFactory.invokeInitMethods(AbstractAutowireCapableBeanFactory.java:1769)
	at org.springframework.beans.factory.support.AbstractAutowireCapableBeanFactory.initializeBean(AbstractAutowireCapableBeanFactory.java:1706)
	... 16 more
Caused by: java.lang.ClassNotFoundException: javax.xml.bind.JAXBException
	at java.base/jdk.internal.loader.BuiltinClassLoader.loadClass(BuiltinClassLoader.java:582)
	at java.base/jdk.internal.loader.ClassLoaders$AppClassLoader.loadClass(ClassLoaders.java:185)
	at java.base/java.lang.ClassLoader.loadClass(ClassLoader.java:496)
	... 27 more
2018-03-20 19:01:22.311  INFO jarek-Latitude-3550 --- [           main] c.e.d.DemoSpring2Application             : Starting DemoSpring2Application on jarek-Latitude-3550 with PID 6816 (/home/jarek/Dokumenty/spring-boot/demo-spring2/target/classes started by jarek in /home/jarek/Dokumenty/spring-boot/demo-spring2)
2018-03-20 19:01:22.321  INFO jarek-Latitude-3550 --- [           main] c.e.d.DemoSpring2Application             : No active profile set, falling back to default profiles: default
2018-03-20 19:01:22.379  INFO jarek-Latitude-3550 --- [           main] ConfigServletWebServerApplicationContext : Refreshing org.springframework.boot.web.servlet.context.AnnotationConfigServletWebServerApplicationContext@2a2ad4cc: startup date [Tue Mar 20 19:01:22 CET 2018]; root of context hierarchy
2018-03-20 19:01:24.736  INFO jarek-Latitude-3550 --- [           main] trationDelegate$BeanPostProcessorChecker : Bean 'org.springframework.transaction.annotation.ProxyTransactionManagementConfiguration' of type [org.springframework.transaction.annotation.ProxyTransactionManagementConfiguration$$EnhancerBySpringCGLIB$$8e302539] is not eligible for getting processed by all BeanPostProcessors (for example: not eligible for auto-proxying)
2018-03-20 19:01:25.219  INFO jarek-Latitude-3550 --- [           main] o.s.b.w.e.t.TomcatWebServer              : Tomcat initialized with port(s): 8080 (http)
2018-03-20 19:01:25.244  INFO jarek-Latitude-3550 --- [           main] o.a.c.h.Http11NioProtocol                : Initializing ProtocolHandler ["http-nio-8080"]
2018-03-20 19:01:25.261  INFO jarek-Latitude-3550 --- [           main] o.a.c.c.StandardService                  : Starting service [Tomcat]
2018-03-20 19:01:25.262  INFO jarek-Latitude-3550 --- [           main] o.a.c.c.StandardEngine                   : Starting Servlet Engine: Apache Tomcat/8.5.28
2018-03-20 19:01:25.279  INFO jarek-Latitude-3550 --- [ost-startStop-1] o.a.c.c.AprLifecycleListener             : The APR based Apache Tomcat Native library which allows optimal performance in production environments was not found on the java.library.path: [/usr/java/packages/lib:/usr/lib64:/lib64:/lib:/usr/lib]
2018-03-20 19:01:25.381  INFO jarek-Latitude-3550 --- [ost-startStop-1] o.a.c.c.C.[.[.[/]                        : Initializing Spring embedded WebApplicationContext
2018-03-20 19:01:25.381  INFO jarek-Latitude-3550 --- [ost-startStop-1] o.s.w.c.ContextLoader                    : Root WebApplicationContext: initialization completed in 3008 ms
2018-03-20 19:01:26.556  INFO jarek-Latitude-3550 --- [ost-startStop-1] o.s.b.w.s.ServletRegistrationBean        : Servlet dispatcherServlet mapped to [/]
2018-03-20 19:01:26.558  INFO jarek-Latitude-3550 --- [ost-startStop-1] o.s.b.w.s.ServletRegistrationBean        : Servlet webServlet mapped to [/h2-console/*]
2018-03-20 19:01:26.561  INFO jarek-Latitude-3550 --- [ost-startStop-1] o.s.b.w.s.FilterRegistrationBean         : Mapping filter: 'characterEncodingFilter' to: [/*]
2018-03-20 19:01:26.562  INFO jarek-Latitude-3550 --- [ost-startStop-1] o.s.b.w.s.FilterRegistrationBean         : Mapping filter: 'hiddenHttpMethodFilter' to: [/*]
2018-03-20 19:01:26.562  INFO jarek-Latitude-3550 --- [ost-startStop-1] o.s.b.w.s.FilterRegistrationBean         : Mapping filter: 'httpPutFormContentFilter' to: [/*]
2018-03-20 19:01:26.562  INFO jarek-Latitude-3550 --- [ost-startStop-1] o.s.b.w.s.FilterRegistrationBean         : Mapping filter: 'requestContextFilter' to: [/*]
2018-03-20 19:01:26.562  INFO jarek-Latitude-3550 --- [ost-startStop-1] o.s.b.w.s.FilterRegistrationBean         : Mapping filter: 'httpTraceFilter' to: [/*]
2018-03-20 19:01:26.563  INFO jarek-Latitude-3550 --- [ost-startStop-1] o.s.b.w.s.FilterRegistrationBean         : Mapping filter: 'webMvcMetricsFilter' to: [/*]
2018-03-20 19:01:26.657  INFO jarek-Latitude-3550 --- [           main] o.f.c.i.u.VersionPrinter                 : Flyway Community Edition 5.0.7 by Boxfuse
2018-03-20 19:01:26.672  INFO jarek-Latitude-3550 --- [           main] c.z.h.HikariDataSource                   : HikariPool-1 - Starting...
2018-03-20 19:01:26.964  INFO jarek-Latitude-3550 --- [           main] c.z.h.HikariDataSource                   : HikariPool-1 - Start completed.
2018-03-20 19:01:26.973  INFO jarek-Latitude-3550 --- [           main] o.f.c.i.d.DatabaseFactory                : Database: jdbc:h2:mem:testdb (H2 1.4)
2018-03-20 19:01:27.120  INFO jarek-Latitude-3550 --- [           main] o.f.c.i.c.DbValidate                     : Successfully validated 1 migration (execution time 00:00.073s)
2018-03-20 19:01:27.155  INFO jarek-Latitude-3550 --- [           main] o.f.c.i.s.JdbcTableSchemaHistory         : Creating Schema History table: "PUBLIC"."flyway_schema_history"
2018-03-20 19:01:27.200  INFO jarek-Latitude-3550 --- [           main] o.f.c.i.c.DbMigrate                      : Current version of schema "PUBLIC": << Empty Schema >>
2018-03-20 19:01:27.202  INFO jarek-Latitude-3550 --- [           main] o.f.c.i.c.DbMigrate                      : Migrating schema "PUBLIC" to version 1 - init
2018-03-20 19:01:27.236  INFO jarek-Latitude-3550 --- [           main] o.f.c.i.c.DbMigrate                      : Successfully applied 1 migration to schema "PUBLIC" (execution time 00:00.082s)
2018-03-20 19:01:27.394  INFO jarek-Latitude-3550 --- [           main] j.LocalContainerEntityManagerFactoryBean : Building JPA container EntityManagerFactory for persistence unit 'default'
2018-03-20 19:01:27.428  INFO jarek-Latitude-3550 --- [           main] o.h.j.i.u.LogHelper                      : HHH000204: Processing PersistenceUnitInfo [
	name: default
	...]
2018-03-20 19:01:27.545  INFO jarek-Latitude-3550 --- [           main] o.h.Version                              : HHH000412: Hibernate Core {5.2.14.Final}
2018-03-20 19:01:27.548  INFO jarek-Latitude-3550 --- [           main] o.h.c.Environment                        : HHH000206: hibernate.properties not found
2018-03-20 19:01:27.571  WARN jarek-Latitude-3550 --- [           main] ConfigServletWebServerApplicationContext : Exception encountered during context initialization - cancelling refresh attempt: org.springframework.beans.factory.BeanCreationException: Error creating bean with name 'entityManagerFactory' defined in class path resource [org/springframework/boot/autoconfigure/orm/jpa/HibernateJpaConfiguration.class]: Invocation of init method failed; nested exception is java.lang.NoClassDefFoundError: javax/xml/bind/JAXBException
2018-03-20 19:01:27.572  INFO jarek-Latitude-3550 --- [           main] c.z.h.HikariDataSource                   : HikariPool-1 - Shutdown initiated...
2018-03-20 19:01:27.580  INFO jarek-Latitude-3550 --- [           main] c.z.h.HikariDataSource                   : HikariPool-1 - Shutdown completed.
2018-03-20 19:01:27.582  INFO jarek-Latitude-3550 --- [           main] o.a.c.c.StandardService                  : Stopping service [Tomcat]
2018-03-20 19:01:27.653  INFO jarek-Latitude-3550 --- [           main] ConditionEvaluationReportLoggingListener : 

Error starting ApplicationContext. To display the conditions report re-run your application with 'debug' enabled.
2018-03-20 19:01:27.656 ERROR jarek-Latitude-3550 --- [           main] o.s.b.SpringApplication                  : Application run failed
org.springframework.beans.factory.BeanCreationException: Error creating bean with name 'entityManagerFactory' defined in class path resource [org/springframework/boot/autoconfigure/orm/jpa/HibernateJpaConfiguration.class]: Invocation of init method failed; nested exception is java.lang.NoClassDefFoundError: javax/xml/bind/JAXBException
	at org.springframework.beans.factory.support.AbstractAutowireCapableBeanFactory.initializeBean(AbstractAutowireCapableBeanFactory.java:1710)
	at org.springframework.beans.factory.support.AbstractAutowireCapableBeanFactory.doCreateBean(AbstractAutowireCapableBeanFactory.java:583)
	at org.springframework.beans.factory.support.AbstractAutowireCapableBeanFactory.createBean(AbstractAutowireCapableBeanFactory.java:502)
	at org.springframework.beans.factory.support.AbstractBeanFactory.lambda$doGetBean$0(AbstractBeanFactory.java:312)
	at org.springframework.beans.factory.support.DefaultSingletonBeanRegistry.getSingleton(DefaultSingletonBeanRegistry.java:228)
	at org.springframework.beans.factory.support.AbstractBeanFactory.doGetBean(AbstractBeanFactory.java:310)
	at org.springframework.beans.factory.support.AbstractBeanFactory.getBean(AbstractBeanFactory.java:200)
	at org.springframework.context.support.AbstractApplicationContext.getBean(AbstractApplicationContext.java:1085)
	at org.springframework.context.support.AbstractApplicationContext.finishBeanFactoryInitialization(AbstractApplicationContext.java:858)
	at org.springframework.context.support.AbstractApplicationContext.refresh(AbstractApplicationContext.java:549)
	at org.springframework.boot.web.servlet.context.ServletWebServerApplicationContext.refresh(ServletWebServerApplicationContext.java:140)
	at org.springframework.boot.SpringApplication.refresh(SpringApplication.java:752)
	at org.springframework.boot.SpringApplication.refreshContext(SpringApplication.java:388)
	at org.springframework.boot.SpringApplication.run(SpringApplication.java:327)
	at org.springframework.boot.SpringApplication.run(SpringApplication.java:1246)
	at org.springframework.boot.SpringApplication.run(SpringApplication.java:1234)
	at com.example.demospring2.DemoSpring2Application.main(DemoSpring2Application.java:16)
	at java.base/jdk.internal.reflect.NativeMethodAccessorImpl.invoke0(Native Method)
	at java.base/jdk.internal.reflect.NativeMethodAccessorImpl.invoke(NativeMethodAccessorImpl.java:62)
	at java.base/jdk.internal.reflect.DelegatingMethodAccessorImpl.invoke(DelegatingMethodAccessorImpl.java:43)
	at java.base/java.lang.reflect.Method.invoke(Method.java:564)
	at org.springframework.boot.maven.AbstractRunMojo$LaunchRunner.run(AbstractRunMojo.java:496)
	at java.base/java.lang.Thread.run(Thread.java:844)
Caused by: java.lang.NoClassDefFoundError: javax/xml/bind/JAXBException
	at org.hibernate.boot.spi.XmlMappingBinderAccess.<init>(XmlMappingBinderAccess.java:43)
	at org.hibernate.boot.MetadataSources.<init>(MetadataSources.java:87)
	at org.hibernate.jpa.boot.internal.EntityManagerFactoryBuilderImpl.<init>(EntityManagerFactoryBuilderImpl.java:209)
	at org.hibernate.jpa.boot.internal.EntityManagerFactoryBuilderImpl.<init>(EntityManagerFactoryBuilderImpl.java:164)
	at org.springframework.orm.jpa.vendor.SpringHibernateJpaPersistenceProvider.createContainerEntityManagerFactory(SpringHibernateJpaPersistenceProvider.java:51)
	at org.springframework.orm.jpa.LocalContainerEntityManagerFactoryBean.createNativeEntityManagerFactory(LocalContainerEntityManagerFactoryBean.java:365)
	at org.springframework.orm.jpa.AbstractEntityManagerFactoryBean.buildNativeEntityManagerFactory(AbstractEntityManagerFactoryBean.java:388)
	at org.springframework.orm.jpa.AbstractEntityManagerFactoryBean.afterPropertiesSet(AbstractEntityManagerFactoryBean.java:377)
	at org.springframework.orm.jpa.LocalContainerEntityManagerFactoryBean.afterPropertiesSet(LocalContainerEntityManagerFactoryBean.java:341)
	at org.springframework.beans.factory.support.AbstractAutowireCapableBeanFactory.invokeInitMethods(AbstractAutowireCapableBeanFactory.java:1769)
	at org.springframework.beans.factory.support.AbstractAutowireCapableBeanFactory.initializeBean(AbstractAutowireCapableBeanFactory.java:1706)
	... 22 more
Caused by: java.lang.ClassNotFoundException: javax.xml.bind.JAXBException
	at java.base/java.net.URLClassLoader.findClass(URLClassLoader.java:466)
	at java.base/java.lang.ClassLoader.loadClass(ClassLoader.java:563)
	at java.base/java.lang.ClassLoader.loadClass(ClassLoader.java:496)
	... 33 more
2018-03-20 19:03:38.428  INFO jarek-Latitude-3550 --- [           main] c.e.d.DemoSpring2Application             : Starting DemoSpring2Application on jarek-Latitude-3550 with PID 7055 (/home/jarek/Dokumenty/spring-boot/demo-spring2/target/classes started by jarek in /home/jarek/Dokumenty/spring-boot/demo-spring2)
2018-03-20 19:03:38.442  INFO jarek-Latitude-3550 --- [           main] c.e.d.DemoSpring2Application             : No active profile set, falling back to default profiles: default
2018-03-20 19:03:38.521  INFO jarek-Latitude-3550 --- [           main] ConfigServletWebServerApplicationContext : Refreshing org.springframework.boot.web.servlet.context.AnnotationConfigServletWebServerApplicationContext@4163ae9f: startup date [Tue Mar 20 19:03:38 CET 2018]; root of context hierarchy
2018-03-20 19:03:40.703  INFO jarek-Latitude-3550 --- [           main] trationDelegate$BeanPostProcessorChecker : Bean 'org.springframework.transaction.annotation.ProxyTransactionManagementConfiguration' of type [org.springframework.transaction.annotation.ProxyTransactionManagementConfiguration$$EnhancerBySpringCGLIB$$4e89e4d] is not eligible for getting processed by all BeanPostProcessors (for example: not eligible for auto-proxying)
2018-03-20 19:03:41.156  INFO jarek-Latitude-3550 --- [           main] o.s.b.w.e.t.TomcatWebServer              : Tomcat initialized with port(s): 8080 (http)
2018-03-20 19:03:41.177  INFO jarek-Latitude-3550 --- [           main] o.a.c.h.Http11NioProtocol                : Initializing ProtocolHandler ["http-nio-8080"]
2018-03-20 19:03:41.194  INFO jarek-Latitude-3550 --- [           main] o.a.c.c.StandardService                  : Starting service [Tomcat]
2018-03-20 19:03:41.195  INFO jarek-Latitude-3550 --- [           main] o.a.c.c.StandardEngine                   : Starting Servlet Engine: Apache Tomcat/8.5.28
2018-03-20 19:03:41.212  INFO jarek-Latitude-3550 --- [ost-startStop-1] o.a.c.c.AprLifecycleListener             : The APR based Apache Tomcat Native library which allows optimal performance in production environments was not found on the java.library.path: [/usr/java/packages/lib:/usr/lib64:/lib64:/lib:/usr/lib]
2018-03-20 19:03:41.302  INFO jarek-Latitude-3550 --- [ost-startStop-1] o.a.c.c.C.[.[.[/]                        : Initializing Spring embedded WebApplicationContext
2018-03-20 19:03:41.303  INFO jarek-Latitude-3550 --- [ost-startStop-1] o.s.w.c.ContextLoader                    : Root WebApplicationContext: initialization completed in 2797 ms
2018-03-20 19:03:42.329  INFO jarek-Latitude-3550 --- [ost-startStop-1] o.s.b.w.s.ServletRegistrationBean        : Servlet dispatcherServlet mapped to [/]
2018-03-20 19:03:42.331  INFO jarek-Latitude-3550 --- [ost-startStop-1] o.s.b.w.s.ServletRegistrationBean        : Servlet webServlet mapped to [/h2-console/*]
2018-03-20 19:03:42.335  INFO jarek-Latitude-3550 --- [ost-startStop-1] o.s.b.w.s.FilterRegistrationBean         : Mapping filter: 'characterEncodingFilter' to: [/*]
2018-03-20 19:03:42.336  INFO jarek-Latitude-3550 --- [ost-startStop-1] o.s.b.w.s.FilterRegistrationBean         : Mapping filter: 'hiddenHttpMethodFilter' to: [/*]
2018-03-20 19:03:42.336  INFO jarek-Latitude-3550 --- [ost-startStop-1] o.s.b.w.s.FilterRegistrationBean         : Mapping filter: 'httpPutFormContentFilter' to: [/*]
2018-03-20 19:03:42.336  INFO jarek-Latitude-3550 --- [ost-startStop-1] o.s.b.w.s.FilterRegistrationBean         : Mapping filter: 'requestContextFilter' to: [/*]
2018-03-20 19:03:42.337  INFO jarek-Latitude-3550 --- [ost-startStop-1] o.s.b.w.s.FilterRegistrationBean         : Mapping filter: 'httpTraceFilter' to: [/*]
2018-03-20 19:03:42.338  INFO jarek-Latitude-3550 --- [ost-startStop-1] o.s.b.w.s.FilterRegistrationBean         : Mapping filter: 'webMvcMetricsFilter' to: [/*]
2018-03-20 19:03:42.419  INFO jarek-Latitude-3550 --- [           main] o.f.c.i.u.VersionPrinter                 : Flyway Community Edition 5.0.7 by Boxfuse
2018-03-20 19:03:42.434  INFO jarek-Latitude-3550 --- [           main] c.z.h.HikariDataSource                   : HikariPool-1 - Starting...
2018-03-20 19:03:42.680  INFO jarek-Latitude-3550 --- [           main] c.z.h.HikariDataSource                   : HikariPool-1 - Start completed.
2018-03-20 19:03:42.689  INFO jarek-Latitude-3550 --- [           main] o.f.c.i.d.DatabaseFactory                : Database: jdbc:h2:mem:testdb (H2 1.4)
2018-03-20 19:03:42.779  INFO jarek-Latitude-3550 --- [           main] o.f.c.i.c.DbValidate                     : Successfully validated 1 migration (execution time 00:00.020s)
2018-03-20 19:03:42.811  INFO jarek-Latitude-3550 --- [           main] o.f.c.i.s.JdbcTableSchemaHistory         : Creating Schema History table: "PUBLIC"."flyway_schema_history"
2018-03-20 19:03:42.841  INFO jarek-Latitude-3550 --- [           main] o.f.c.i.c.DbMigrate                      : Current version of schema "PUBLIC": << Empty Schema >>
2018-03-20 19:03:42.844  INFO jarek-Latitude-3550 --- [           main] o.f.c.i.c.DbMigrate                      : Migrating schema "PUBLIC" to version 1 - init
2018-03-20 19:03:42.894  INFO jarek-Latitude-3550 --- [           main] o.f.c.i.c.DbMigrate                      : Successfully applied 1 migration to schema "PUBLIC" (execution time 00:00.085s)
2018-03-20 19:03:43.070  INFO jarek-Latitude-3550 --- [           main] j.LocalContainerEntityManagerFactoryBean : Building JPA container EntityManagerFactory for persistence unit 'default'
2018-03-20 19:03:43.094  INFO jarek-Latitude-3550 --- [           main] o.h.j.i.u.LogHelper                      : HHH000204: Processing PersistenceUnitInfo [
	name: default
	...]
2018-03-20 19:03:43.202  INFO jarek-Latitude-3550 --- [           main] o.h.Version                              : HHH000412: Hibernate Core {5.2.14.Final}
2018-03-20 19:03:43.204  INFO jarek-Latitude-3550 --- [           main] o.h.c.Environment                        : HHH000206: hibernate.properties not found
2018-03-20 19:03:43.255  INFO jarek-Latitude-3550 --- [           main] o.h.a.c.Version                          : HCANN000001: Hibernate Commons Annotations {5.0.1.Final}
2018-03-20 19:03:43.410  INFO jarek-Latitude-3550 --- [           main] o.h.d.Dialect                            : HHH000400: Using dialect: org.hibernate.dialect.H2Dialect
2018-03-20 19:03:44.096  INFO jarek-Latitude-3550 --- [           main] j.LocalContainerEntityManagerFactoryBean : Initialized JPA EntityManagerFactory for persistence unit 'default'
2018-03-20 19:03:44.700  INFO jarek-Latitude-3550 --- [           main] s.w.s.m.m.a.RequestMappingHandlerAdapter : Looking for @ControllerAdvice: org.springframework.boot.web.servlet.context.AnnotationConfigServletWebServerApplicationContext@4163ae9f: startup date [Tue Mar 20 19:03:38 CET 2018]; root of context hierarchy
2018-03-20 19:03:44.890  INFO jarek-Latitude-3550 --- [           main] s.w.s.m.m.a.RequestMappingHandlerMapping : Mapped "{[/]}" onto java.lang.String com.example.demospring2.controller.MyExample.home()
2018-03-20 19:03:44.898  INFO jarek-Latitude-3550 --- [           main] s.w.s.m.m.a.RequestMappingHandlerMapping : Mapped "{[/error],produces=[text/html]}" onto public org.springframework.web.servlet.ModelAndView org.springframework.boot.autoconfigure.web.servlet.error.BasicErrorController.errorHtml(javax.servlet.http.HttpServletRequest,javax.servlet.http.HttpServletResponse)
2018-03-20 19:03:44.899  INFO jarek-Latitude-3550 --- [           main] s.w.s.m.m.a.RequestMappingHandlerMapping : Mapped "{[/error]}" onto public org.springframework.http.ResponseEntity<java.util.Map<java.lang.String, java.lang.Object>> org.springframework.boot.autoconfigure.web.servlet.error.BasicErrorController.error(javax.servlet.http.HttpServletRequest)
2018-03-20 19:03:44.957  INFO jarek-Latitude-3550 --- [           main] o.s.w.s.h.SimpleUrlHandlerMapping        : Mapped URL path [/webjars/**] onto handler of type [class org.springframework.web.servlet.resource.ResourceHttpRequestHandler]
2018-03-20 19:03:44.958  INFO jarek-Latitude-3550 --- [           main] o.s.w.s.h.SimpleUrlHandlerMapping        : Mapped URL path [/**] onto handler of type [class org.springframework.web.servlet.resource.ResourceHttpRequestHandler]
2018-03-20 19:03:45.023  INFO jarek-Latitude-3550 --- [           main] o.s.w.s.h.SimpleUrlHandlerMapping        : Mapped URL path [/**/favicon.ico] onto handler of type [class org.springframework.web.servlet.resource.ResourceHttpRequestHandler]
2018-03-20 19:03:45.498  INFO jarek-Latitude-3550 --- [           main] s.b.a.e.w.s.WebMvcEndpointHandlerMapping : Mapped "{[/actuator/auditevents],methods=[GET],produces=[application/vnd.spring-boot.actuator.v2+json || application/json]}" onto public java.lang.Object org.springframework.boot.actuate.endpoint.web.servlet.AbstractWebMvcEndpointHandlerMapping$OperationHandler.handle(javax.servlet.http.HttpServletRequest,java.util.Map<java.lang.String, java.lang.String>)
2018-03-20 19:03:45.499  INFO jarek-Latitude-3550 --- [           main] s.b.a.e.w.s.WebMvcEndpointHandlerMapping : Mapped "{[/actuator/beans],methods=[GET],produces=[application/vnd.spring-boot.actuator.v2+json || application/json]}" onto public java.lang.Object org.springframework.boot.actuate.endpoint.web.servlet.AbstractWebMvcEndpointHandlerMapping$OperationHandler.handle(javax.servlet.http.HttpServletRequest,java.util.Map<java.lang.String, java.lang.String>)
2018-03-20 19:03:45.499  INFO jarek-Latitude-3550 --- [           main] s.b.a.e.w.s.WebMvcEndpointHandlerMapping : Mapped "{[/actuator/health],methods=[GET],produces=[application/vnd.spring-boot.actuator.v2+json || application/json]}" onto public java.lang.Object org.springframework.boot.actuate.endpoint.web.servlet.AbstractWebMvcEndpointHandlerMapping$OperationHandler.handle(javax.servlet.http.HttpServletRequest,java.util.Map<java.lang.String, java.lang.String>)
2018-03-20 19:03:45.500  INFO jarek-Latitude-3550 --- [           main] s.b.a.e.w.s.WebMvcEndpointHandlerMapping : Mapped "{[/actuator/conditions],methods=[GET],produces=[application/vnd.spring-boot.actuator.v2+json || application/json]}" onto public java.lang.Object org.springframework.boot.actuate.endpoint.web.servlet.AbstractWebMvcEndpointHandlerMapping$OperationHandler.handle(javax.servlet.http.HttpServletRequest,java.util.Map<java.lang.String, java.lang.String>)
2018-03-20 19:03:45.500  INFO jarek-Latitude-3550 --- [           main] s.b.a.e.w.s.WebMvcEndpointHandlerMapping : Mapped "{[/actuator/configprops],methods=[GET],produces=[application/vnd.spring-boot.actuator.v2+json || application/json]}" onto public java.lang.Object org.springframework.boot.actuate.endpoint.web.servlet.AbstractWebMvcEndpointHandlerMapping$OperationHandler.handle(javax.servlet.http.HttpServletRequest,java.util.Map<java.lang.String, java.lang.String>)
2018-03-20 19:03:45.501  INFO jarek-Latitude-3550 --- [           main] s.b.a.e.w.s.WebMvcEndpointHandlerMapping : Mapped "{[/actuator/env/{toMatch}],methods=[GET],produces=[application/vnd.spring-boot.actuator.v2+json || application/json]}" onto public java.lang.Object org.springframework.boot.actuate.endpoint.web.servlet.AbstractWebMvcEndpointHandlerMapping$OperationHandler.handle(javax.servlet.http.HttpServletRequest,java.util.Map<java.lang.String, java.lang.String>)
2018-03-20 19:03:45.501  INFO jarek-Latitude-3550 --- [           main] s.b.a.e.w.s.WebMvcEndpointHandlerMapping : Mapped "{[/actuator/env],methods=[GET],produces=[application/vnd.spring-boot.actuator.v2+json || application/json]}" onto public java.lang.Object org.springframework.boot.actuate.endpoint.web.servlet.AbstractWebMvcEndpointHandlerMapping$OperationHandler.handle(javax.servlet.http.HttpServletRequest,java.util.Map<java.lang.String, java.lang.String>)
2018-03-20 19:03:45.501  INFO jarek-Latitude-3550 --- [           main] s.b.a.e.w.s.WebMvcEndpointHandlerMapping : Mapped "{[/actuator/flyway],methods=[GET],produces=[application/vnd.spring-boot.actuator.v2+json || application/json]}" onto public java.lang.Object org.springframework.boot.actuate.endpoint.web.servlet.AbstractWebMvcEndpointHandlerMapping$OperationHandler.handle(javax.servlet.http.HttpServletRequest,java.util.Map<java.lang.String, java.lang.String>)
2018-03-20 19:03:45.502  INFO jarek-Latitude-3550 --- [           main] s.b.a.e.w.s.WebMvcEndpointHandlerMapping : Mapped "{[/actuator/info],methods=[GET],produces=[application/vnd.spring-boot.actuator.v2+json || application/json]}" onto public java.lang.Object org.springframework.boot.actuate.endpoint.web.servlet.AbstractWebMvcEndpointHandlerMapping$OperationHandler.handle(javax.servlet.http.HttpServletRequest,java.util.Map<java.lang.String, java.lang.String>)
2018-03-20 19:03:45.502  INFO jarek-Latitude-3550 --- [           main] s.b.a.e.w.s.WebMvcEndpointHandlerMapping : Mapped "{[/actuator/loggers/{name}],methods=[GET],produces=[application/vnd.spring-boot.actuator.v2+json || application/json]}" onto public java.lang.Object org.springframework.boot.actuate.endpoint.web.servlet.AbstractWebMvcEndpointHandlerMapping$OperationHandler.handle(javax.servlet.http.HttpServletRequest,java.util.Map<java.lang.String, java.lang.String>)
2018-03-20 19:03:45.503  INFO jarek-Latitude-3550 --- [           main] s.b.a.e.w.s.WebMvcEndpointHandlerMapping : Mapped "{[/actuator/loggers/{name}],methods=[POST],consumes=[application/vnd.spring-boot.actuator.v2+json || application/json]}" onto public java.lang.Object org.springframework.boot.actuate.endpoint.web.servlet.AbstractWebMvcEndpointHandlerMapping$OperationHandler.handle(javax.servlet.http.HttpServletRequest,java.util.Map<java.lang.String, java.lang.String>)
2018-03-20 19:03:45.503  INFO jarek-Latitude-3550 --- [           main] s.b.a.e.w.s.WebMvcEndpointHandlerMapping : Mapped "{[/actuator/loggers],methods=[GET],produces=[application/vnd.spring-boot.actuator.v2+json || application/json]}" onto public java.lang.Object org.springframework.boot.actuate.endpoint.web.servlet.AbstractWebMvcEndpointHandlerMapping$OperationHandler.handle(javax.servlet.http.HttpServletRequest,java.util.Map<java.lang.String, java.lang.String>)
2018-03-20 19:03:45.504  INFO jarek-Latitude-3550 --- [           main] s.b.a.e.w.s.WebMvcEndpointHandlerMapping : Mapped "{[/actuator/heapdump],methods=[GET],produces=[application/octet-stream]}" onto public java.lang.Object org.springframework.boot.actuate.endpoint.web.servlet.AbstractWebMvcEndpointHandlerMapping$OperationHandler.handle(javax.servlet.http.HttpServletRequest,java.util.Map<java.lang.String, java.lang.String>)
2018-03-20 19:03:45.504  INFO jarek-Latitude-3550 --- [           main] s.b.a.e.w.s.WebMvcEndpointHandlerMapping : Mapped "{[/actuator/threaddump],methods=[GET],produces=[application/vnd.spring-boot.actuator.v2+json || application/json]}" onto public java.lang.Object org.springframework.boot.actuate.endpoint.web.servlet.AbstractWebMvcEndpointHandlerMapping$OperationHandler.handle(javax.servlet.http.HttpServletRequest,java.util.Map<java.lang.String, java.lang.String>)
2018-03-20 19:03:45.505  INFO jarek-Latitude-3550 --- [           main] s.b.a.e.w.s.WebMvcEndpointHandlerMapping : Mapped "{[/actuator/metrics],methods=[GET],produces=[application/vnd.spring-boot.actuator.v2+json || application/json]}" onto public java.lang.Object org.springframework.boot.actuate.endpoint.web.servlet.AbstractWebMvcEndpointHandlerMapping$OperationHandler.handle(javax.servlet.http.HttpServletRequest,java.util.Map<java.lang.String, java.lang.String>)
2018-03-20 19:03:45.505  INFO jarek-Latitude-3550 --- [           main] s.b.a.e.w.s.WebMvcEndpointHandlerMapping : Mapped "{[/actuator/metrics/{requiredMetricName}],methods=[GET],produces=[application/vnd.spring-boot.actuator.v2+json || application/json]}" onto public java.lang.Object org.springframework.boot.actuate.endpoint.web.servlet.AbstractWebMvcEndpointHandlerMapping$OperationHandler.handle(javax.servlet.http.HttpServletRequest,java.util.Map<java.lang.String, java.lang.String>)
2018-03-20 19:03:45.505  INFO jarek-Latitude-3550 --- [           main] s.b.a.e.w.s.WebMvcEndpointHandlerMapping : Mapped "{[/actuator/scheduledtasks],methods=[GET],produces=[application/vnd.spring-boot.actuator.v2+json || application/json]}" onto public java.lang.Object org.springframework.boot.actuate.endpoint.web.servlet.AbstractWebMvcEndpointHandlerMapping$OperationHandler.handle(javax.servlet.http.HttpServletRequest,java.util.Map<java.lang.String, java.lang.String>)
2018-03-20 19:03:45.506  INFO jarek-Latitude-3550 --- [           main] s.b.a.e.w.s.WebMvcEndpointHandlerMapping : Mapped "{[/actuator/httptrace],methods=[GET],produces=[application/vnd.spring-boot.actuator.v2+json || application/json]}" onto public java.lang.Object org.springframework.boot.actuate.endpoint.web.servlet.AbstractWebMvcEndpointHandlerMapping$OperationHandler.handle(javax.servlet.http.HttpServletRequest,java.util.Map<java.lang.String, java.lang.String>)
2018-03-20 19:03:45.506  INFO jarek-Latitude-3550 --- [           main] s.b.a.e.w.s.WebMvcEndpointHandlerMapping : Mapped "{[/actuator/mappings],methods=[GET],produces=[application/vnd.spring-boot.actuator.v2+json || application/json]}" onto public java.lang.Object org.springframework.boot.actuate.endpoint.web.servlet.AbstractWebMvcEndpointHandlerMapping$OperationHandler.handle(javax.servlet.http.HttpServletRequest,java.util.Map<java.lang.String, java.lang.String>)
2018-03-20 19:03:45.507  INFO jarek-Latitude-3550 --- [           main] s.b.a.e.w.s.WebMvcEndpointHandlerMapping : Mapped "{[/actuator],methods=[GET],produces=[application/vnd.spring-boot.actuator.v2+json || application/json]}" onto protected java.util.Map<java.lang.String, java.util.Map<java.lang.String, org.springframework.boot.actuate.endpoint.web.Link>> org.springframework.boot.actuate.endpoint.web.servlet.WebMvcEndpointHandlerMapping.links(javax.servlet.http.HttpServletRequest,javax.servlet.http.HttpServletResponse)
2018-03-20 19:03:45.659  INFO jarek-Latitude-3550 --- [           main] o.s.j.e.a.AnnotationMBeanExporter        : Registering beans for JMX exposure on startup
2018-03-20 19:03:45.661  INFO jarek-Latitude-3550 --- [           main] o.s.j.e.a.AnnotationMBeanExporter        : Bean with name 'dataSource' has been autodetected for JMX exposure
2018-03-20 19:03:45.671  INFO jarek-Latitude-3550 --- [           main] o.s.j.e.a.AnnotationMBeanExporter        : Located MBean 'dataSource': registering with JMX server as MBean [com.zaxxer.hikari:name=dataSource,type=HikariDataSource]
2018-03-20 19:03:45.688  INFO jarek-Latitude-3550 --- [           main] o.a.c.h.Http11NioProtocol                : Starting ProtocolHandler ["http-nio-8080"]
2018-03-20 19:03:45.694  INFO jarek-Latitude-3550 --- [           main] o.a.t.u.n.NioSelectorPool                : Using a shared selector for servlet write/read
2018-03-20 19:03:45.766  INFO jarek-Latitude-3550 --- [           main] o.s.b.w.e.t.TomcatWebServer              : Tomcat started on port(s): 8080 (http) with context path ''
2018-03-20 19:03:45.772  INFO jarek-Latitude-3550 --- [           main] c.e.d.DemoSpring2Application             : Started DemoSpring2Application in 8.02 seconds (JVM running for 12.416)
2018-03-20 19:05:31.254  INFO jarek-Latitude-3550 --- [           main] c.e.d.DemoSpring2Application             : Starting DemoSpring2Application on jarek-Latitude-3550 with PID 7256 (/home/jarek/Dokumenty/spring-boot/demo-spring2/target/classes started by jarek in /home/jarek/Dokumenty/spring-boot/demo-spring2)
2018-03-20 19:05:31.264  INFO jarek-Latitude-3550 --- [           main] c.e.d.DemoSpring2Application             : No active profile set, falling back to default profiles: default
2018-03-20 19:05:31.464  INFO jarek-Latitude-3550 --- [           main] ConfigServletWebServerApplicationContext : Refreshing org.springframework.boot.web.servlet.context.AnnotationConfigServletWebServerApplicationContext@37fbe4a8: startup date [Tue Mar 20 19:05:31 CET 2018]; root of context hierarchy
2018-03-20 19:05:34.747  INFO jarek-Latitude-3550 --- [           main] trationDelegate$BeanPostProcessorChecker : Bean 'org.springframework.transaction.annotation.ProxyTransactionManagementConfiguration' of type [org.springframework.transaction.annotation.ProxyTransactionManagementConfiguration$$EnhancerBySpringCGLIB$$78ab3ee] is not eligible for getting processed by all BeanPostProcessors (for example: not eligible for auto-proxying)
2018-03-20 19:05:35.345  INFO jarek-Latitude-3550 --- [           main] o.s.b.w.e.t.TomcatWebServer              : Tomcat initialized with port(s): 8080 (http)
2018-03-20 19:05:35.381  INFO jarek-Latitude-3550 --- [           main] o.a.c.h.Http11NioProtocol                : Initializing ProtocolHandler ["http-nio-8080"]
2018-03-20 19:05:35.400  INFO jarek-Latitude-3550 --- [           main] o.a.c.c.StandardService                  : Starting service [Tomcat]
2018-03-20 19:05:35.401  INFO jarek-Latitude-3550 --- [           main] o.a.c.c.StandardEngine                   : Starting Servlet Engine: Apache Tomcat/8.5.28
2018-03-20 19:05:35.436  INFO jarek-Latitude-3550 --- [ost-startStop-1] o.a.c.c.AprLifecycleListener             : The APR based Apache Tomcat Native library which allows optimal performance in production environments was not found on the java.library.path: [/usr/java/packages/lib:/usr/lib64:/lib64:/lib:/usr/lib]
2018-03-20 19:05:35.648  INFO jarek-Latitude-3550 --- [ost-startStop-1] o.a.c.c.C.[.[.[/]                        : Initializing Spring embedded WebApplicationContext
2018-03-20 19:05:35.649  INFO jarek-Latitude-3550 --- [ost-startStop-1] o.s.w.c.ContextLoader                    : Root WebApplicationContext: initialization completed in 4197 ms
2018-03-20 19:05:37.043  INFO jarek-Latitude-3550 --- [ost-startStop-1] o.s.b.w.s.ServletRegistrationBean        : Servlet dispatcherServlet mapped to [/]
2018-03-20 19:05:37.046  INFO jarek-Latitude-3550 --- [ost-startStop-1] o.s.b.w.s.ServletRegistrationBean        : Servlet webServlet mapped to [/h2-console/*]
2018-03-20 19:05:37.051  INFO jarek-Latitude-3550 --- [ost-startStop-1] o.s.b.w.s.FilterRegistrationBean         : Mapping filter: 'characterEncodingFilter' to: [/*]
2018-03-20 19:05:37.051  INFO jarek-Latitude-3550 --- [ost-startStop-1] o.s.b.w.s.FilterRegistrationBean         : Mapping filter: 'hiddenHttpMethodFilter' to: [/*]
2018-03-20 19:05:37.055  INFO jarek-Latitude-3550 --- [ost-startStop-1] o.s.b.w.s.FilterRegistrationBean         : Mapping filter: 'httpPutFormContentFilter' to: [/*]
2018-03-20 19:05:37.056  INFO jarek-Latitude-3550 --- [ost-startStop-1] o.s.b.w.s.FilterRegistrationBean         : Mapping filter: 'requestContextFilter' to: [/*]
2018-03-20 19:05:37.056  INFO jarek-Latitude-3550 --- [ost-startStop-1] o.s.b.w.s.FilterRegistrationBean         : Mapping filter: 'httpTraceFilter' to: [/*]
2018-03-20 19:05:37.057  INFO jarek-Latitude-3550 --- [ost-startStop-1] o.s.b.w.s.FilterRegistrationBean         : Mapping filter: 'webMvcMetricsFilter' to: [/*]
2018-03-20 19:05:37.170  INFO jarek-Latitude-3550 --- [           main] o.f.c.i.u.VersionPrinter                 : Flyway Community Edition 5.0.7 by Boxfuse
2018-03-20 19:05:37.181  INFO jarek-Latitude-3550 --- [           main] c.z.h.HikariDataSource                   : HikariPool-1 - Starting...
2018-03-20 19:05:37.468  INFO jarek-Latitude-3550 --- [           main] c.z.h.HikariDataSource                   : HikariPool-1 - Start completed.
2018-03-20 19:05:37.477  INFO jarek-Latitude-3550 --- [           main] o.f.c.i.d.DatabaseFactory                : Database: jdbc:h2:mem:testdb (H2 1.4)
2018-03-20 19:05:37.568  INFO jarek-Latitude-3550 --- [           main] o.f.c.i.c.DbValidate                     : Successfully validated 1 migration (execution time 00:00.018s)
2018-03-20 19:05:37.617  INFO jarek-Latitude-3550 --- [           main] o.f.c.i.s.JdbcTableSchemaHistory         : Creating Schema History table: "PUBLIC"."flyway_schema_history"
2018-03-20 19:05:37.650  INFO jarek-Latitude-3550 --- [           main] o.f.c.i.c.DbMigrate                      : Current version of schema "PUBLIC": << Empty Schema >>
2018-03-20 19:05:37.654  INFO jarek-Latitude-3550 --- [           main] o.f.c.i.c.DbMigrate                      : Migrating schema "PUBLIC" to version 1 - init
2018-03-20 19:05:37.685  INFO jarek-Latitude-3550 --- [           main] o.f.c.i.c.DbMigrate                      : Successfully applied 1 migration to schema "PUBLIC" (execution time 00:00.070s)
2018-03-20 19:05:37.924  INFO jarek-Latitude-3550 --- [           main] j.LocalContainerEntityManagerFactoryBean : Building JPA container EntityManagerFactory for persistence unit 'default'
2018-03-20 19:05:37.962  INFO jarek-Latitude-3550 --- [           main] o.h.j.i.u.LogHelper                      : HHH000204: Processing PersistenceUnitInfo [
	name: default
	...]
2018-03-20 19:05:38.081  INFO jarek-Latitude-3550 --- [           main] o.h.Version                              : HHH000412: Hibernate Core {5.2.14.Final}
2018-03-20 19:05:38.083  INFO jarek-Latitude-3550 --- [           main] o.h.c.Environment                        : HHH000206: hibernate.properties not found
2018-03-20 19:05:38.169  INFO jarek-Latitude-3550 --- [           main] o.h.a.c.Version                          : HCANN000001: Hibernate Commons Annotations {5.0.1.Final}
2018-03-20 19:05:38.506  INFO jarek-Latitude-3550 --- [           main] o.h.d.Dialect                            : HHH000400: Using dialect: org.hibernate.dialect.H2Dialect
2018-03-20 19:05:39.656  INFO jarek-Latitude-3550 --- [           main] j.LocalContainerEntityManagerFactoryBean : Initialized JPA EntityManagerFactory for persistence unit 'default'
2018-03-20 19:05:40.489  INFO jarek-Latitude-3550 --- [           main] s.w.s.m.m.a.RequestMappingHandlerAdapter : Looking for @ControllerAdvice: org.springframework.boot.web.servlet.context.AnnotationConfigServletWebServerApplicationContext@37fbe4a8: startup date [Tue Mar 20 19:05:31 CET 2018]; root of context hierarchy
2018-03-20 19:05:40.654  INFO jarek-Latitude-3550 --- [           main] s.w.s.m.m.a.RequestMappingHandlerMapping : Mapped "{[/]}" onto java.lang.String com.example.demospring2.controller.MyExample.home()
2018-03-20 19:05:40.680  INFO jarek-Latitude-3550 --- [           main] s.w.s.m.m.a.RequestMappingHandlerMapping : Mapped "{[/error]}" onto public org.springframework.http.ResponseEntity<java.util.Map<java.lang.String, java.lang.Object>> org.springframework.boot.autoconfigure.web.servlet.error.BasicErrorController.error(javax.servlet.http.HttpServletRequest)
2018-03-20 19:05:40.682  INFO jarek-Latitude-3550 --- [           main] s.w.s.m.m.a.RequestMappingHandlerMapping : Mapped "{[/error],produces=[text/html]}" onto public org.springframework.web.servlet.ModelAndView org.springframework.boot.autoconfigure.web.servlet.error.BasicErrorController.errorHtml(javax.servlet.http.HttpServletRequest,javax.servlet.http.HttpServletResponse)
2018-03-20 19:05:40.855  INFO jarek-Latitude-3550 --- [           main] o.s.w.s.h.SimpleUrlHandlerMapping        : Mapped URL path [/webjars/**] onto handler of type [class org.springframework.web.servlet.resource.ResourceHttpRequestHandler]
2018-03-20 19:05:40.856  INFO jarek-Latitude-3550 --- [           main] o.s.w.s.h.SimpleUrlHandlerMapping        : Mapped URL path [/**] onto handler of type [class org.springframework.web.servlet.resource.ResourceHttpRequestHandler]
2018-03-20 19:05:40.990  INFO jarek-Latitude-3550 --- [           main] o.s.w.s.h.SimpleUrlHandlerMapping        : Mapped URL path [/**/favicon.ico] onto handler of type [class org.springframework.web.servlet.resource.ResourceHttpRequestHandler]
2018-03-20 19:05:42.011  INFO jarek-Latitude-3550 --- [           main] s.b.a.e.w.s.WebMvcEndpointHandlerMapping : Mapped "{[/actuator/auditevents],methods=[GET],produces=[application/vnd.spring-boot.actuator.v2+json || application/json]}" onto public java.lang.Object org.springframework.boot.actuate.endpoint.web.servlet.AbstractWebMvcEndpointHandlerMapping$OperationHandler.handle(javax.servlet.http.HttpServletRequest,java.util.Map<java.lang.String, java.lang.String>)
2018-03-20 19:05:42.013  INFO jarek-Latitude-3550 --- [           main] s.b.a.e.w.s.WebMvcEndpointHandlerMapping : Mapped "{[/actuator/beans],methods=[GET],produces=[application/vnd.spring-boot.actuator.v2+json || application/json]}" onto public java.lang.Object org.springframework.boot.actuate.endpoint.web.servlet.AbstractWebMvcEndpointHandlerMapping$OperationHandler.handle(javax.servlet.http.HttpServletRequest,java.util.Map<java.lang.String, java.lang.String>)
2018-03-20 19:05:42.014  INFO jarek-Latitude-3550 --- [           main] s.b.a.e.w.s.WebMvcEndpointHandlerMapping : Mapped "{[/actuator/health],methods=[GET],produces=[application/vnd.spring-boot.actuator.v2+json || application/json]}" onto public java.lang.Object org.springframework.boot.actuate.endpoint.web.servlet.AbstractWebMvcEndpointHandlerMapping$OperationHandler.handle(javax.servlet.http.HttpServletRequest,java.util.Map<java.lang.String, java.lang.String>)
2018-03-20 19:05:42.014  INFO jarek-Latitude-3550 --- [           main] s.b.a.e.w.s.WebMvcEndpointHandlerMapping : Mapped "{[/actuator/conditions],methods=[GET],produces=[application/vnd.spring-boot.actuator.v2+json || application/json]}" onto public java.lang.Object org.springframework.boot.actuate.endpoint.web.servlet.AbstractWebMvcEndpointHandlerMapping$OperationHandler.handle(javax.servlet.http.HttpServletRequest,java.util.Map<java.lang.String, java.lang.String>)
2018-03-20 19:05:42.015  INFO jarek-Latitude-3550 --- [           main] s.b.a.e.w.s.WebMvcEndpointHandlerMapping : Mapped "{[/actuator/configprops],methods=[GET],produces=[application/vnd.spring-boot.actuator.v2+json || application/json]}" onto public java.lang.Object org.springframework.boot.actuate.endpoint.web.servlet.AbstractWebMvcEndpointHandlerMapping$OperationHandler.handle(javax.servlet.http.HttpServletRequest,java.util.Map<java.lang.String, java.lang.String>)
2018-03-20 19:05:42.015  INFO jarek-Latitude-3550 --- [           main] s.b.a.e.w.s.WebMvcEndpointHandlerMapping : Mapped "{[/actuator/env/{toMatch}],methods=[GET],produces=[application/vnd.spring-boot.actuator.v2+json || application/json]}" onto public java.lang.Object org.springframework.boot.actuate.endpoint.web.servlet.AbstractWebMvcEndpointHandlerMapping$OperationHandler.handle(javax.servlet.http.HttpServletRequest,java.util.Map<java.lang.String, java.lang.String>)
2018-03-20 19:05:42.015  INFO jarek-Latitude-3550 --- [           main] s.b.a.e.w.s.WebMvcEndpointHandlerMapping : Mapped "{[/actuator/env],methods=[GET],produces=[application/vnd.spring-boot.actuator.v2+json || application/json]}" onto public java.lang.Object org.springframework.boot.actuate.endpoint.web.servlet.AbstractWebMvcEndpointHandlerMapping$OperationHandler.handle(javax.servlet.http.HttpServletRequest,java.util.Map<java.lang.String, java.lang.String>)
2018-03-20 19:05:42.016  INFO jarek-Latitude-3550 --- [           main] s.b.a.e.w.s.WebMvcEndpointHandlerMapping : Mapped "{[/actuator/flyway],methods=[GET],produces=[application/vnd.spring-boot.actuator.v2+json || application/json]}" onto public java.lang.Object org.springframework.boot.actuate.endpoint.web.servlet.AbstractWebMvcEndpointHandlerMapping$OperationHandler.handle(javax.servlet.http.HttpServletRequest,java.util.Map<java.lang.String, java.lang.String>)
2018-03-20 19:05:42.016  INFO jarek-Latitude-3550 --- [           main] s.b.a.e.w.s.WebMvcEndpointHandlerMapping : Mapped "{[/actuator/info],methods=[GET],produces=[application/vnd.spring-boot.actuator.v2+json || application/json]}" onto public java.lang.Object org.springframework.boot.actuate.endpoint.web.servlet.AbstractWebMvcEndpointHandlerMapping$OperationHandler.handle(javax.servlet.http.HttpServletRequest,java.util.Map<java.lang.String, java.lang.String>)
2018-03-20 19:05:42.017  INFO jarek-Latitude-3550 --- [           main] s.b.a.e.w.s.WebMvcEndpointHandlerMapping : Mapped "{[/actuator/loggers],methods=[GET],produces=[application/vnd.spring-boot.actuator.v2+json || application/json]}" onto public java.lang.Object org.springframework.boot.actuate.endpoint.web.servlet.AbstractWebMvcEndpointHandlerMapping$OperationHandler.handle(javax.servlet.http.HttpServletRequest,java.util.Map<java.lang.String, java.lang.String>)
2018-03-20 19:05:42.017  INFO jarek-Latitude-3550 --- [           main] s.b.a.e.w.s.WebMvcEndpointHandlerMapping : Mapped "{[/actuator/loggers/{name}],methods=[GET],produces=[application/vnd.spring-boot.actuator.v2+json || application/json]}" onto public java.lang.Object org.springframework.boot.actuate.endpoint.web.servlet.AbstractWebMvcEndpointHandlerMapping$OperationHandler.handle(javax.servlet.http.HttpServletRequest,java.util.Map<java.lang.String, java.lang.String>)
2018-03-20 19:05:42.018  INFO jarek-Latitude-3550 --- [           main] s.b.a.e.w.s.WebMvcEndpointHandlerMapping : Mapped "{[/actuator/loggers/{name}],methods=[POST],consumes=[application/vnd.spring-boot.actuator.v2+json || application/json]}" onto public java.lang.Object org.springframework.boot.actuate.endpoint.web.servlet.AbstractWebMvcEndpointHandlerMapping$OperationHandler.handle(javax.servlet.http.HttpServletRequest,java.util.Map<java.lang.String, java.lang.String>)
2018-03-20 19:05:42.019  INFO jarek-Latitude-3550 --- [           main] s.b.a.e.w.s.WebMvcEndpointHandlerMapping : Mapped "{[/actuator/heapdump],methods=[GET],produces=[application/octet-stream]}" onto public java.lang.Object org.springframework.boot.actuate.endpoint.web.servlet.AbstractWebMvcEndpointHandlerMapping$OperationHandler.handle(javax.servlet.http.HttpServletRequest,java.util.Map<java.lang.String, java.lang.String>)
2018-03-20 19:05:42.019  INFO jarek-Latitude-3550 --- [           main] s.b.a.e.w.s.WebMvcEndpointHandlerMapping : Mapped "{[/actuator/threaddump],methods=[GET],produces=[application/vnd.spring-boot.actuator.v2+json || application/json]}" onto public java.lang.Object org.springframework.boot.actuate.endpoint.web.servlet.AbstractWebMvcEndpointHandlerMapping$OperationHandler.handle(javax.servlet.http.HttpServletRequest,java.util.Map<java.lang.String, java.lang.String>)
2018-03-20 19:05:42.019  INFO jarek-Latitude-3550 --- [           main] s.b.a.e.w.s.WebMvcEndpointHandlerMapping : Mapped "{[/actuator/metrics],methods=[GET],produces=[application/vnd.spring-boot.actuator.v2+json || application/json]}" onto public java.lang.Object org.springframework.boot.actuate.endpoint.web.servlet.AbstractWebMvcEndpointHandlerMapping$OperationHandler.handle(javax.servlet.http.HttpServletRequest,java.util.Map<java.lang.String, java.lang.String>)
2018-03-20 19:05:42.020  INFO jarek-Latitude-3550 --- [           main] s.b.a.e.w.s.WebMvcEndpointHandlerMapping : Mapped "{[/actuator/metrics/{requiredMetricName}],methods=[GET],produces=[application/vnd.spring-boot.actuator.v2+json || application/json]}" onto public java.lang.Object org.springframework.boot.actuate.endpoint.web.servlet.AbstractWebMvcEndpointHandlerMapping$OperationHandler.handle(javax.servlet.http.HttpServletRequest,java.util.Map<java.lang.String, java.lang.String>)
2018-03-20 19:05:42.020  INFO jarek-Latitude-3550 --- [           main] s.b.a.e.w.s.WebMvcEndpointHandlerMapping : Mapped "{[/actuator/scheduledtasks],methods=[GET],produces=[application/vnd.spring-boot.actuator.v2+json || application/json]}" onto public java.lang.Object org.springframework.boot.actuate.endpoint.web.servlet.AbstractWebMvcEndpointHandlerMapping$OperationHandler.handle(javax.servlet.http.HttpServletRequest,java.util.Map<java.lang.String, java.lang.String>)
2018-03-20 19:05:42.021  INFO jarek-Latitude-3550 --- [           main] s.b.a.e.w.s.WebMvcEndpointHandlerMapping : Mapped "{[/actuator/httptrace],methods=[GET],produces=[application/vnd.spring-boot.actuator.v2+json || application/json]}" onto public java.lang.Object org.springframework.boot.actuate.endpoint.web.servlet.AbstractWebMvcEndpointHandlerMapping$OperationHandler.handle(javax.servlet.http.HttpServletRequest,java.util.Map<java.lang.String, java.lang.String>)
2018-03-20 19:05:42.021  INFO jarek-Latitude-3550 --- [           main] s.b.a.e.w.s.WebMvcEndpointHandlerMapping : Mapped "{[/actuator/mappings],methods=[GET],produces=[application/vnd.spring-boot.actuator.v2+json || application/json]}" onto public java.lang.Object org.springframework.boot.actuate.endpoint.web.servlet.AbstractWebMvcEndpointHandlerMapping$OperationHandler.handle(javax.servlet.http.HttpServletRequest,java.util.Map<java.lang.String, java.lang.String>)
2018-03-20 19:05:42.022  INFO jarek-Latitude-3550 --- [           main] s.b.a.e.w.s.WebMvcEndpointHandlerMapping : Mapped "{[/actuator],methods=[GET],produces=[application/vnd.spring-boot.actuator.v2+json || application/json]}" onto protected java.util.Map<java.lang.String, java.util.Map<java.lang.String, org.springframework.boot.actuate.endpoint.web.Link>> org.springframework.boot.actuate.endpoint.web.servlet.WebMvcEndpointHandlerMapping.links(javax.servlet.http.HttpServletRequest,javax.servlet.http.HttpServletResponse)
2018-03-20 19:05:42.717  INFO jarek-Latitude-3550 --- [           main] o.s.j.e.a.AnnotationMBeanExporter        : Registering beans for JMX exposure on startup
2018-03-20 19:05:42.720  INFO jarek-Latitude-3550 --- [           main] o.s.j.e.a.AnnotationMBeanExporter        : Bean with name 'dataSource' has been autodetected for JMX exposure
2018-03-20 19:05:42.738  INFO jarek-Latitude-3550 --- [           main] o.s.j.e.a.AnnotationMBeanExporter        : Located MBean 'dataSource': registering with JMX server as MBean [com.zaxxer.hikari:name=dataSource,type=HikariDataSource]
2018-03-20 19:05:42.785  INFO jarek-Latitude-3550 --- [           main] o.a.c.h.Http11NioProtocol                : Starting ProtocolHandler ["http-nio-8080"]
2018-03-20 19:05:42.798  INFO jarek-Latitude-3550 --- [           main] o.a.t.u.n.NioSelectorPool                : Using a shared selector for servlet write/read
2018-03-20 19:05:42.821  INFO jarek-Latitude-3550 --- [           main] o.s.b.w.e.t.TomcatWebServer              : Tomcat started on port(s): 8080 (http) with context path ''
2018-03-20 19:05:42.826  INFO jarek-Latitude-3550 --- [           main] c.e.d.DemoSpring2Application             : Started DemoSpring2Application in 12.292 seconds (JVM running for 15.532)
2018-03-20 19:05:46.282  INFO jarek-Latitude-3550 --- [nio-8080-exec-1] o.a.c.c.C.[.[.[/]                        : Initializing Spring FrameworkServlet 'dispatcherServlet'
2018-03-20 19:05:46.283  INFO jarek-Latitude-3550 --- [nio-8080-exec-1] o.s.w.s.DispatcherServlet                : FrameworkServlet 'dispatcherServlet': initialization started
2018-03-20 19:05:46.301  INFO jarek-Latitude-3550 --- [nio-8080-exec-1] o.s.w.s.DispatcherServlet                : FrameworkServlet 'dispatcherServlet': initialization completed in 18 ms
2018-03-20 19:05:46.429  INFO jarek-Latitude-3550 --- [nio-8080-exec-1] c.e.d.c.MyExample                        : Info log
2018-03-20 19:06:57.512  INFO jarek-Latitude-3550 --- [nio-8080-exec-3] c.e.d.c.MyExample                        : Info log
2018-03-20 19:13:47.971  INFO jarek-Latitude-3550 --- [       Thread-4] ConfigServletWebServerApplicationContext : Closing org.springframework.boot.web.servlet.context.AnnotationConfigServletWebServerApplicationContext@37fbe4a8: startup date [Tue Mar 20 19:05:31 CET 2018]; root of context hierarchy
2018-03-20 19:13:47.978  INFO jarek-Latitude-3550 --- [       Thread-4] o.s.j.e.a.AnnotationMBeanExporter        : Unregistering JMX-exposed beans on shutdown
2018-03-20 19:13:47.979  INFO jarek-Latitude-3550 --- [       Thread-4] o.s.j.e.a.AnnotationMBeanExporter        : Unregistering JMX-exposed beans
2018-03-20 19:13:47.981  INFO jarek-Latitude-3550 --- [       Thread-4] j.LocalContainerEntityManagerFactoryBean : Closing JPA EntityManagerFactory for persistence unit 'default'
2018-03-20 19:13:47.983  INFO jarek-Latitude-3550 --- [       Thread-4] c.z.h.HikariDataSource                   : HikariPool-1 - Shutdown initiated...
2018-03-20 19:13:47.988  INFO jarek-Latitude-3550 --- [       Thread-4] c.z.h.HikariDataSource                   : HikariPool-1 - Shutdown completed.
