2018-03-26 11:55:41.822  INFO jarek-Latitude-3550 --- [           main] c.e.d.DemoSpring2Application             : Starting DemoSpring2Application on jarek-Latitude-3550 with PID 11773 (/home/jarek/Dokumenty/spring-boot/demo-spring2/target/classes started by jarek in /home/jarek/Dokumenty/spring-boot/demo-spring2)
2018-03-26 11:55:41.888  INFO jarek-Latitude-3550 --- [           main] c.e.d.DemoSpring2Application             : No active profile set, falling back to default profiles: default
2018-03-26 11:55:42.048  INFO jarek-Latitude-3550 --- [           main] ConfigServletWebServerApplicationContext : Refreshing org.springframework.boot.web.servlet.context.AnnotationConfigServletWebServerApplicationContext@1d8b2ad6: startup date [Mon Mar 26 11:55:42 CEST 2018]; root of context hierarchy
2018-03-26 11:55:44.364  INFO jarek-Latitude-3550 --- [           main] trationDelegate$BeanPostProcessorChecker : Bean 'org.springframework.transaction.annotation.ProxyTransactionManagementConfiguration' of type [org.springframework.transaction.annotation.ProxyTransactionManagementConfiguration$$EnhancerBySpringCGLIB$$63a3d7ec] is not eligible for getting processed by all BeanPostProcessors (for example: not eligible for auto-proxying)
2018-03-26 11:55:44.858  INFO jarek-Latitude-3550 --- [           main] o.s.b.w.e.t.TomcatWebServer              : Tomcat initialized with port(s): 8080 (http)
2018-03-26 11:55:44.884  INFO jarek-Latitude-3550 --- [           main] o.a.c.h.Http11NioProtocol                : Initializing ProtocolHandler ["http-nio-8080"]
2018-03-26 11:55:44.899  INFO jarek-Latitude-3550 --- [           main] o.a.c.c.StandardService                  : Starting service [Tomcat]
2018-03-26 11:55:44.900  INFO jarek-Latitude-3550 --- [           main] o.a.c.c.StandardEngine                   : Starting Servlet Engine: Apache Tomcat/8.5.28
2018-03-26 11:55:44.924  INFO jarek-Latitude-3550 --- [ost-startStop-1] o.a.c.c.AprLifecycleListener             : The APR based Apache Tomcat Native library which allows optimal performance in production environments was not found on the java.library.path: [/usr/java/packages/lib:/usr/lib64:/lib64:/lib:/usr/lib]
2018-03-26 11:55:45.037  INFO jarek-Latitude-3550 --- [ost-startStop-1] o.a.c.c.C.[.[.[/]                        : Initializing Spring embedded WebApplicationContext
2018-03-26 11:55:45.037  INFO jarek-Latitude-3550 --- [ost-startStop-1] o.s.w.c.ContextLoader                    : Root WebApplicationContext: initialization completed in 2997 ms
2018-03-26 11:55:46.035  INFO jarek-Latitude-3550 --- [ost-startStop-1] o.s.b.w.s.ServletRegistrationBean        : Servlet dispatcherServlet mapped to [/]
2018-03-26 11:55:46.038  INFO jarek-Latitude-3550 --- [ost-startStop-1] o.s.b.w.s.ServletRegistrationBean        : Servlet webServlet mapped to [/h2-console/*]
2018-03-26 11:55:46.041  INFO jarek-Latitude-3550 --- [ost-startStop-1] o.s.b.w.s.FilterRegistrationBean         : Mapping filter: 'characterEncodingFilter' to: [/*]
2018-03-26 11:55:46.042  INFO jarek-Latitude-3550 --- [ost-startStop-1] o.s.b.w.s.FilterRegistrationBean         : Mapping filter: 'hiddenHttpMethodFilter' to: [/*]
2018-03-26 11:55:46.042  INFO jarek-Latitude-3550 --- [ost-startStop-1] o.s.b.w.s.FilterRegistrationBean         : Mapping filter: 'httpPutFormContentFilter' to: [/*]
2018-03-26 11:55:46.042  INFO jarek-Latitude-3550 --- [ost-startStop-1] o.s.b.w.s.FilterRegistrationBean         : Mapping filter: 'requestContextFilter' to: [/*]
2018-03-26 11:55:46.043  INFO jarek-Latitude-3550 --- [ost-startStop-1] o.s.b.w.s.FilterRegistrationBean         : Mapping filter: 'httpTraceFilter' to: [/*]
2018-03-26 11:55:46.043  INFO jarek-Latitude-3550 --- [ost-startStop-1] o.s.b.w.s.FilterRegistrationBean         : Mapping filter: 'webMvcMetricsFilter' to: [/*]
2018-03-26 11:55:46.123  INFO jarek-Latitude-3550 --- [           main] o.f.c.i.u.VersionPrinter                 : Flyway Community Edition 5.0.7 by Boxfuse
2018-03-26 11:55:46.132  INFO jarek-Latitude-3550 --- [           main] c.z.h.HikariDataSource                   : HikariPool-1 - Starting...
2018-03-26 11:55:46.457  INFO jarek-Latitude-3550 --- [           main] c.z.h.HikariDataSource                   : HikariPool-1 - Start completed.
2018-03-26 11:55:46.469  INFO jarek-Latitude-3550 --- [           main] o.f.c.i.d.DatabaseFactory                : Database: jdbc:h2:mem:testdb (H2 1.4)
2018-03-26 11:55:46.574  INFO jarek-Latitude-3550 --- [           main] o.f.c.i.c.DbValidate                     : Successfully validated 1 migration (execution time 00:00.027s)
2018-03-26 11:55:46.596  INFO jarek-Latitude-3550 --- [           main] o.f.c.i.s.JdbcTableSchemaHistory         : Creating Schema History table: "PUBLIC"."flyway_schema_history"
2018-03-26 11:55:46.623  INFO jarek-Latitude-3550 --- [           main] o.f.c.i.c.DbMigrate                      : Current version of schema "PUBLIC": << Empty Schema >>
2018-03-26 11:55:46.626  INFO jarek-Latitude-3550 --- [           main] o.f.c.i.c.DbMigrate                      : Migrating schema "PUBLIC" to version 1 - init
2018-03-26 11:55:46.656  INFO jarek-Latitude-3550 --- [           main] o.f.c.i.c.DbMigrate                      : Successfully applied 1 migration to schema "PUBLIC" (execution time 00:00.062s)
2018-03-26 11:55:46.830  INFO jarek-Latitude-3550 --- [           main] j.LocalContainerEntityManagerFactoryBean : Building JPA container EntityManagerFactory for persistence unit 'default'
2018-03-26 11:55:46.850  INFO jarek-Latitude-3550 --- [           main] o.h.j.i.u.LogHelper                      : HHH000204: Processing PersistenceUnitInfo [
	name: default
	...]
2018-03-26 11:55:46.944  INFO jarek-Latitude-3550 --- [           main] o.h.Version                              : HHH000412: Hibernate Core {5.2.14.Final}
2018-03-26 11:55:46.946  INFO jarek-Latitude-3550 --- [           main] o.h.c.Environment                        : HHH000206: hibernate.properties not found
2018-03-26 11:55:47.003  INFO jarek-Latitude-3550 --- [           main] o.h.a.c.Version                          : HCANN000001: Hibernate Commons Annotations {5.0.1.Final}
2018-03-26 11:55:47.198  INFO jarek-Latitude-3550 --- [           main] o.h.d.Dialect                            : HHH000400: Using dialect: org.hibernate.dialect.H2Dialect
2018-03-26 11:55:48.063  INFO jarek-Latitude-3550 --- [           main] j.LocalContainerEntityManagerFactoryBean : Initialized JPA EntityManagerFactory for persistence unit 'default'
2018-03-26 11:55:48.650  INFO jarek-Latitude-3550 --- [           main] s.w.s.m.m.a.RequestMappingHandlerAdapter : Looking for @ControllerAdvice: org.springframework.boot.web.servlet.context.AnnotationConfigServletWebServerApplicationContext@1d8b2ad6: startup date [Mon Mar 26 11:55:42 CEST 2018]; root of context hierarchy
2018-03-26 11:55:48.769  INFO jarek-Latitude-3550 --- [           main] s.w.s.m.m.a.RequestMappingHandlerMapping : Mapped "{[/]}" onto java.lang.String com.example.demospring2.controller.MyExample.home()
2018-03-26 11:55:48.776  INFO jarek-Latitude-3550 --- [           main] s.w.s.m.m.a.RequestMappingHandlerMapping : Mapped "{[/error],produces=[text/html]}" onto public org.springframework.web.servlet.ModelAndView org.springframework.boot.autoconfigure.web.servlet.error.BasicErrorController.errorHtml(javax.servlet.http.HttpServletRequest,javax.servlet.http.HttpServletResponse)
2018-03-26 11:55:48.777  INFO jarek-Latitude-3550 --- [           main] s.w.s.m.m.a.RequestMappingHandlerMapping : Mapped "{[/error]}" onto public org.springframework.http.ResponseEntity<java.util.Map<java.lang.String, java.lang.Object>> org.springframework.boot.autoconfigure.web.servlet.error.BasicErrorController.error(javax.servlet.http.HttpServletRequest)
2018-03-26 11:55:48.828  INFO jarek-Latitude-3550 --- [           main] o.s.w.s.h.SimpleUrlHandlerMapping        : Mapped URL path [/webjars/**] onto handler of type [class org.springframework.web.servlet.resource.ResourceHttpRequestHandler]
2018-03-26 11:55:48.828  INFO jarek-Latitude-3550 --- [           main] o.s.w.s.h.SimpleUrlHandlerMapping        : Mapped URL path [/**] onto handler of type [class org.springframework.web.servlet.resource.ResourceHttpRequestHandler]
2018-03-26 11:55:48.898  INFO jarek-Latitude-3550 --- [           main] o.s.w.s.h.SimpleUrlHandlerMapping        : Mapped URL path [/**/favicon.ico] onto handler of type [class org.springframework.web.servlet.resource.ResourceHttpRequestHandler]
2018-03-26 11:55:49.425  INFO jarek-Latitude-3550 --- [           main] s.b.a.e.w.s.WebMvcEndpointHandlerMapping : Mapped "{[/actuator/auditevents],methods=[GET],produces=[application/vnd.spring-boot.actuator.v2+json || application/json]}" onto public java.lang.Object org.springframework.boot.actuate.endpoint.web.servlet.AbstractWebMvcEndpointHandlerMapping$OperationHandler.handle(javax.servlet.http.HttpServletRequest,java.util.Map<java.lang.String, java.lang.String>)
2018-03-26 11:55:49.426  INFO jarek-Latitude-3550 --- [           main] s.b.a.e.w.s.WebMvcEndpointHandlerMapping : Mapped "{[/actuator/beans],methods=[GET],produces=[application/vnd.spring-boot.actuator.v2+json || application/json]}" onto public java.lang.Object org.springframework.boot.actuate.endpoint.web.servlet.AbstractWebMvcEndpointHandlerMapping$OperationHandler.handle(javax.servlet.http.HttpServletRequest,java.util.Map<java.lang.String, java.lang.String>)
2018-03-26 11:55:49.427  INFO jarek-Latitude-3550 --- [           main] s.b.a.e.w.s.WebMvcEndpointHandlerMapping : Mapped "{[/actuator/health],methods=[GET],produces=[application/vnd.spring-boot.actuator.v2+json || application/json]}" onto public java.lang.Object org.springframework.boot.actuate.endpoint.web.servlet.AbstractWebMvcEndpointHandlerMapping$OperationHandler.handle(javax.servlet.http.HttpServletRequest,java.util.Map<java.lang.String, java.lang.String>)
2018-03-26 11:55:49.427  INFO jarek-Latitude-3550 --- [           main] s.b.a.e.w.s.WebMvcEndpointHandlerMapping : Mapped "{[/actuator/conditions],methods=[GET],produces=[application/vnd.spring-boot.actuator.v2+json || application/json]}" onto public java.lang.Object org.springframework.boot.actuate.endpoint.web.servlet.AbstractWebMvcEndpointHandlerMapping$OperationHandler.handle(javax.servlet.http.HttpServletRequest,java.util.Map<java.lang.String, java.lang.String>)
2018-03-26 11:55:49.427  INFO jarek-Latitude-3550 --- [           main] s.b.a.e.w.s.WebMvcEndpointHandlerMapping : Mapped "{[/actuator/configprops],methods=[GET],produces=[application/vnd.spring-boot.actuator.v2+json || application/json]}" onto public java.lang.Object org.springframework.boot.actuate.endpoint.web.servlet.AbstractWebMvcEndpointHandlerMapping$OperationHandler.handle(javax.servlet.http.HttpServletRequest,java.util.Map<java.lang.String, java.lang.String>)
2018-03-26 11:55:49.428  INFO jarek-Latitude-3550 --- [           main] s.b.a.e.w.s.WebMvcEndpointHandlerMapping : Mapped "{[/actuator/env/{toMatch}],methods=[GET],produces=[application/vnd.spring-boot.actuator.v2+json || application/json]}" onto public java.lang.Object org.springframework.boot.actuate.endpoint.web.servlet.AbstractWebMvcEndpointHandlerMapping$OperationHandler.handle(javax.servlet.http.HttpServletRequest,java.util.Map<java.lang.String, java.lang.String>)
2018-03-26 11:55:49.428  INFO jarek-Latitude-3550 --- [           main] s.b.a.e.w.s.WebMvcEndpointHandlerMapping : Mapped "{[/actuator/env],methods=[GET],produces=[application/vnd.spring-boot.actuator.v2+json || application/json]}" onto public java.lang.Object org.springframework.boot.actuate.endpoint.web.servlet.AbstractWebMvcEndpointHandlerMapping$OperationHandler.handle(javax.servlet.http.HttpServletRequest,java.util.Map<java.lang.String, java.lang.String>)
2018-03-26 11:55:49.428  INFO jarek-Latitude-3550 --- [           main] s.b.a.e.w.s.WebMvcEndpointHandlerMapping : Mapped "{[/actuator/flyway],methods=[GET],produces=[application/vnd.spring-boot.actuator.v2+json || application/json]}" onto public java.lang.Object org.springframework.boot.actuate.endpoint.web.servlet.AbstractWebMvcEndpointHandlerMapping$OperationHandler.handle(javax.servlet.http.HttpServletRequest,java.util.Map<java.lang.String, java.lang.String>)
2018-03-26 11:55:49.429  INFO jarek-Latitude-3550 --- [           main] s.b.a.e.w.s.WebMvcEndpointHandlerMapping : Mapped "{[/actuator/info],methods=[GET],produces=[application/vnd.spring-boot.actuator.v2+json || application/json]}" onto public java.lang.Object org.springframework.boot.actuate.endpoint.web.servlet.AbstractWebMvcEndpointHandlerMapping$OperationHandler.handle(javax.servlet.http.HttpServletRequest,java.util.Map<java.lang.String, java.lang.String>)
2018-03-26 11:55:49.429  INFO jarek-Latitude-3550 --- [           main] s.b.a.e.w.s.WebMvcEndpointHandlerMapping : Mapped "{[/actuator/loggers/{name}],methods=[GET],produces=[application/vnd.spring-boot.actuator.v2+json || application/json]}" onto public java.lang.Object org.springframework.boot.actuate.endpoint.web.servlet.AbstractWebMvcEndpointHandlerMapping$OperationHandler.handle(javax.servlet.http.HttpServletRequest,java.util.Map<java.lang.String, java.lang.String>)
2018-03-26 11:55:49.430  INFO jarek-Latitude-3550 --- [           main] s.b.a.e.w.s.WebMvcEndpointHandlerMapping : Mapped "{[/actuator/loggers/{name}],methods=[POST],consumes=[application/vnd.spring-boot.actuator.v2+json || application/json]}" onto public java.lang.Object org.springframework.boot.actuate.endpoint.web.servlet.AbstractWebMvcEndpointHandlerMapping$OperationHandler.handle(javax.servlet.http.HttpServletRequest,java.util.Map<java.lang.String, java.lang.String>)
2018-03-26 11:55:49.430  INFO jarek-Latitude-3550 --- [           main] s.b.a.e.w.s.WebMvcEndpointHandlerMapping : Mapped "{[/actuator/loggers],methods=[GET],produces=[application/vnd.spring-boot.actuator.v2+json || application/json]}" onto public java.lang.Object org.springframework.boot.actuate.endpoint.web.servlet.AbstractWebMvcEndpointHandlerMapping$OperationHandler.handle(javax.servlet.http.HttpServletRequest,java.util.Map<java.lang.String, java.lang.String>)
2018-03-26 11:55:49.431  INFO jarek-Latitude-3550 --- [           main] s.b.a.e.w.s.WebMvcEndpointHandlerMapping : Mapped "{[/actuator/heapdump],methods=[GET],produces=[application/octet-stream]}" onto public java.lang.Object org.springframework.boot.actuate.endpoint.web.servlet.AbstractWebMvcEndpointHandlerMapping$OperationHandler.handle(javax.servlet.http.HttpServletRequest,java.util.Map<java.lang.String, java.lang.String>)
2018-03-26 11:55:49.431  INFO jarek-Latitude-3550 --- [           main] s.b.a.e.w.s.WebMvcEndpointHandlerMapping : Mapped "{[/actuator/threaddump],methods=[GET],produces=[application/vnd.spring-boot.actuator.v2+json || application/json]}" onto public java.lang.Object org.springframework.boot.actuate.endpoint.web.servlet.AbstractWebMvcEndpointHandlerMapping$OperationHandler.handle(javax.servlet.http.HttpServletRequest,java.util.Map<java.lang.String, java.lang.String>)
2018-03-26 11:55:49.431  INFO jarek-Latitude-3550 --- [           main] s.b.a.e.w.s.WebMvcEndpointHandlerMapping : Mapped "{[/actuator/metrics],methods=[GET],produces=[application/vnd.spring-boot.actuator.v2+json || application/json]}" onto public java.lang.Object org.springframework.boot.actuate.endpoint.web.servlet.AbstractWebMvcEndpointHandlerMapping$OperationHandler.handle(javax.servlet.http.HttpServletRequest,java.util.Map<java.lang.String, java.lang.String>)
2018-03-26 11:55:49.432  INFO jarek-Latitude-3550 --- [           main] s.b.a.e.w.s.WebMvcEndpointHandlerMapping : Mapped "{[/actuator/metrics/{requiredMetricName}],methods=[GET],produces=[application/vnd.spring-boot.actuator.v2+json || application/json]}" onto public java.lang.Object org.springframework.boot.actuate.endpoint.web.servlet.AbstractWebMvcEndpointHandlerMapping$OperationHandler.handle(javax.servlet.http.HttpServletRequest,java.util.Map<java.lang.String, java.lang.String>)
2018-03-26 11:55:49.432  INFO jarek-Latitude-3550 --- [           main] s.b.a.e.w.s.WebMvcEndpointHandlerMapping : Mapped "{[/actuator/scheduledtasks],methods=[GET],produces=[application/vnd.spring-boot.actuator.v2+json || application/json]}" onto public java.lang.Object org.springframework.boot.actuate.endpoint.web.servlet.AbstractWebMvcEndpointHandlerMapping$OperationHandler.handle(javax.servlet.http.HttpServletRequest,java.util.Map<java.lang.String, java.lang.String>)
2018-03-26 11:55:49.432  INFO jarek-Latitude-3550 --- [           main] s.b.a.e.w.s.WebMvcEndpointHandlerMapping : Mapped "{[/actuator/httptrace],methods=[GET],produces=[application/vnd.spring-boot.actuator.v2+json || application/json]}" onto public java.lang.Object org.springframework.boot.actuate.endpoint.web.servlet.AbstractWebMvcEndpointHandlerMapping$OperationHandler.handle(javax.servlet.http.HttpServletRequest,java.util.Map<java.lang.String, java.lang.String>)
2018-03-26 11:55:49.433  INFO jarek-Latitude-3550 --- [           main] s.b.a.e.w.s.WebMvcEndpointHandlerMapping : Mapped "{[/actuator/mappings],methods=[GET],produces=[application/vnd.spring-boot.actuator.v2+json || application/json]}" onto public java.lang.Object org.springframework.boot.actuate.endpoint.web.servlet.AbstractWebMvcEndpointHandlerMapping$OperationHandler.handle(javax.servlet.http.HttpServletRequest,java.util.Map<java.lang.String, java.lang.String>)
2018-03-26 11:55:49.436  INFO jarek-Latitude-3550 --- [           main] s.b.a.e.w.s.WebMvcEndpointHandlerMapping : Mapped "{[/actuator],methods=[GET],produces=[application/vnd.spring-boot.actuator.v2+json || application/json]}" onto protected java.util.Map<java.lang.String, java.util.Map<java.lang.String, org.springframework.boot.actuate.endpoint.web.Link>> org.springframework.boot.actuate.endpoint.web.servlet.WebMvcEndpointHandlerMapping.links(javax.servlet.http.HttpServletRequest,javax.servlet.http.HttpServletResponse)
2018-03-26 11:55:49.628  INFO jarek-Latitude-3550 --- [           main] o.s.j.e.a.AnnotationMBeanExporter        : Registering beans for JMX exposure on startup
2018-03-26 11:55:49.630  INFO jarek-Latitude-3550 --- [           main] o.s.j.e.a.AnnotationMBeanExporter        : Bean with name 'dataSource' has been autodetected for JMX exposure
2018-03-26 11:55:49.648  INFO jarek-Latitude-3550 --- [           main] o.s.j.e.a.AnnotationMBeanExporter        : Located MBean 'dataSource': registering with JMX server as MBean [com.zaxxer.hikari:name=dataSource,type=HikariDataSource]
2018-03-26 11:55:49.679  INFO jarek-Latitude-3550 --- [           main] o.a.c.h.Http11NioProtocol                : Starting ProtocolHandler ["http-nio-8080"]
2018-03-26 11:55:49.689  INFO jarek-Latitude-3550 --- [           main] o.a.t.u.n.NioSelectorPool                : Using a shared selector for servlet write/read
2018-03-26 11:55:49.717  INFO jarek-Latitude-3550 --- [           main] o.s.b.w.e.t.TomcatWebServer              : Tomcat started on port(s): 8080 (http) with context path ''
2018-03-26 11:55:49.727  INFO jarek-Latitude-3550 --- [           main] c.e.d.DemoSpring2Application             : Started DemoSpring2Application in 8.739 seconds (JVM running for 15.254)
2018-03-26 12:16:13.296  INFO jarek-Latitude-3550 --- [           main] .b.t.c.SpringBootTestContextBootstrapper : Neither @ContextConfiguration nor @ContextHierarchy found for test class [com.example.demospring2.DemoSpring2ApplicationTests], using SpringBootContextLoader
2018-03-26 12:16:13.311  INFO jarek-Latitude-3550 --- [           main] o.s.t.c.s.AbstractContextLoader          : Could not detect default resource locations for test class [com.example.demospring2.DemoSpring2ApplicationTests]: no resource found for suffixes {-context.xml, Context.groovy}.
2018-03-26 12:16:13.313  INFO jarek-Latitude-3550 --- [           main] t.c.s.AnnotationConfigContextLoaderUtils : Could not detect default configuration classes for test class [com.example.demospring2.DemoSpring2ApplicationTests]: DemoSpring2ApplicationTests does not declare any static, non-private, non-final, nested classes annotated with @Configuration.
